<?xml version="1.0" encoding="UTF-8"?>
<testsuites name="TS_OrangeWebUsingKeywords" time="28" tests="1" failures="0" errors="0">
   <testsuite name="TS_OrangeWebUsingKeywords" tests="1" failures="0" errors="0" time="28" timestamp="2019-01-16 11:07:18" hostname="aeibrahim - LPALXY0477.ejadaalex.local" id="Test Suites/TS_OrangeWebUsingKeywords">
      <properties>
         <property name="deviceName" value=""/>
         <property name="devicePlatform" value=""/>
         <property name="logFolder" value="C:\\Users\\aeibrahim\\git\\Training_1\\Reports\\TS_OrangeWebUsingKeywords\\20190116_110714"/>
         <property name="logFiles" value="C:\\Users\\aeibrahim\\git\\Training_1\\Reports\\TS_OrangeWebUsingKeywords\\20190116_110714\\execution0.log"/>
         <property name="attachments" value=""/>
         <property name="hostName" value="aeibrahim - LPALXY0477.ejadaalex.local"/>
         <property name="os" value="Windows 10 64bit"/>
         <property name="katalonVersion" value="5.8.6.1"/>
         <property name="browser" value="Chrome 71.0.3578.98"/>
         <property name="hostAddress" value="192.168.3.64"/>
         <property name="sessionId" value="966546f3c678450de57610cdcc736dc6"/>
         <property name="seleniumVersion" value="3.7.1"/>
         <property name="proxyInformation" value="ProxyInformation{proxyOption=NO_PROXY, proxyServerType=HTTP, password=, proxyServerAddress=, proxyServerPort=0}"/>
         <property name="platform" value="Windows 10"/>
      </properties>
      <testcase name="Test Cases/Orange_Website_Using_Function/TC_TestingFunListByLiTag" classname="Test Cases/Orange_Website_Using_Function/TC_TestingFunListByLiTag" status="PASSED">
         <system-out><![CDATA[2019-01-16 11:07:19 - [TEST_CASE][PASSED] - Test Cases/Orange_Website_Using_Function/TC_TestingFunListByLiTag: Test Cases/Orange_Website_Using_Function/TC_TestingFunListByLiTag

2019-01-16 11:07:20 - [TEST_STEP][PASSED] - openBrowser: Browser is opened with url: 'https://opensource-demo.orangehrmlive.com/index.php/auth/login'

2019-01-16 11:07:28 - [MESSAGE][PASSED] - Browser is opened with url: 'https://opensource-demo.orangehrmlive.com/index.php/auth/login'

2019-01-16 11:07:28 - [TEST_STEP][PASSED] - pk_Functions.CS_SpecificPageData.DataFun: pk_Functions.CS_SpecificPageData.DataFun is PASSED

2019-01-16 11:07:29 - [MESSAGE][PASSED] - Text 'Admin' is set on object ''

2019-01-16 11:07:29 - [MESSAGE][PASSED] - Text 'admin123' is set on object ''

2019-01-16 11:07:29 - [MESSAGE][PASSED] - pk_Functions.CS_SpecificPageData.DataFun is PASSED

2019-01-16 11:07:29 - [TEST_STEP][PASSED] - click: Object: 'Object Repository/Orange/Login/Login' is clicked on

2019-01-16 11:07:31 - [MESSAGE][PASSED] - Object: 'Object Repository/Orange/Login/Login' is clicked on

2019-01-16 11:07:31 - [TEST_STEP][PASSED] - pk_Functions.CS_StaticListUsingLiTag.LovMatchItemsFun: pk_Functions.CS_StaticListUsingLiTag.LovMatchItemsFun is PASSED

2019-01-16 11:07:37 - [MESSAGE][PASSED] - Delayed 4 second(s)

2019-01-16 11:07:37 - [MESSAGE][PASSED] - pk_Functions.CS_StaticListUsingLiTag.LovMatchItemsFun is PASSED

2019-01-16 11:07:37 - [TEST_STEP][PASSED] - pk_Functions.CS_StaticListUsingLiTag.LovSearchFun: pk_Functions.CS_StaticListUsingLiTag.LovSearchFun is PASSED

2019-01-16 11:07:41 - [MESSAGE][PASSED] - Delayed 4 second(s)

2019-01-16 11:07:42 - [MESSAGE][PASSED] - pk_Functions.CS_StaticListUsingLiTag.LovSearchFun is PASSED

2019-01-16 11:07:42 - [TEST_STEP][PASSED] - pk_Functions.CS_StaticListUsingLiTag.LovSearchIndexFun: pk_Functions.CS_StaticListUsingLiTag.LovSearchIndexFun is PASSED

2019-01-16 11:07:46 - [MESSAGE][PASSED] - Delayed 4 second(s)

2019-01-16 11:07:47 - [MESSAGE][PASSED] - pk_Functions.CS_StaticListUsingLiTag.LovSearchIndexFun is PASSED]]></system-out>
         <system-err><![CDATA[]]></system-err>
      </testcase>
      <system-out><![CDATA[2019-01-16 11:07:18 - [TEST_SUITE][PASSED] - TS_OrangeWebUsingKeywords: Test Cases/Orange_Website_Using_Function/TC_TestingFunListByLiTag]]></system-out>
      <system-err><![CDATA[]]></system-err>
   </testsuite>
</testsuites>
