<?xml version="1.0" encoding="UTF-8"?>
<testsuites name="TS_OrangeWebUsingKeywords" time="35" tests="2" failures="0" errors="0">
   <testsuite name="TS_OrangeWebUsingKeywords" tests="2" failures="0" errors="0" time="35" timestamp="2019-01-03 16:39:33" hostname="aeibrahim - LPALXY0477.ejadaalex.local" id="Test Suites/TS_OrangeWebUsingKeywords">
      <properties>
         <property name="deviceName" value=""/>
         <property name="devicePlatform" value=""/>
         <property name="logFolder" value="C:\\Users\\aeibrahim\\git\\Training_1\\Reports\\TS_OrangeWebUsingKeywords\\20190103_163930"/>
         <property name="logFiles" value="C:\\Users\\aeibrahim\\git\\Training_1\\Reports\\TS_OrangeWebUsingKeywords\\20190103_163930\\execution0.log"/>
         <property name="attachments" value=""/>
         <property name="hostName" value="aeibrahim - LPALXY0477.ejadaalex.local"/>
         <property name="os" value="Windows 10 64bit"/>
         <property name="katalonVersion" value="5.8.6.1"/>
         <property name="browser" value="Chrome 71.0.3578.98"/>
         <property name="hostAddress" value="192.168.3.64"/>
         <property name="sessionId" value="0dad1580aa2b66db341040448f4a4621"/>
         <property name="seleniumVersion" value="3.7.1"/>
         <property name="proxyInformation" value="ProxyInformation{proxyOption=NO_PROXY, proxyServerType=HTTP, password=, proxyServerAddress=, proxyServerPort=0}"/>
         <property name="platform" value="Windows 10"/>
      </properties>
      <testcase name="Test Cases/Orange_Website_Using_Function/TC_AllPageComponent" classname="Test Cases/Orange_Website_Using_Function/TC_AllPageComponent" status="PASSED">
         <system-out><![CDATA[2019-01-03 16:39:33 - [TEST_CASE][PASSED] - Test Cases/Orange_Website_Using_Function/TC_AllPageComponent: Test Cases/Orange_Website_Using_Function/TC_AllPageComponent

2019-01-03 16:39:34 - [TEST_STEP][PASSED] - pk_Functions.CS_Login.LoginFun: pk_Functions.CS_Login.LoginFun is PASSED

2019-01-03 16:39:34 - [MESSAGE][WARNING] - Test object id is null

2019-01-03 16:39:44 - [MESSAGE][PASSED] - Browser is opened with url: 'https://opensource-demo.orangehrmlive.com/index.php/auth/login'

2019-01-03 16:39:44 - [MESSAGE][PASSED] - Text 'Admin' is set on object 'Object Repository/Orange/Login/Username'

2019-01-03 16:39:44 - [MESSAGE][PASSED] - Text 'admin123' is set on object 'Object Repository/Orange/Login/Password'

2019-01-03 16:39:47 - [MESSAGE][PASSED] - Object: 'Object Repository/Orange/Login/Login' is clicked on

2019-01-03 16:39:47 - [MESSAGE][PASSED] - pk_Functions.CS_Login.LoginFun is PASSED

2019-01-03 16:39:47 - [TEST_STEP][PASSED] - click: Object: 'Object Repository/Orange/Navigation/MNUITM_Recruitment' is clicked on

2019-01-03 16:39:51 - [MESSAGE][PASSED] - Object: 'Object Repository/Orange/Navigation/MNUITM_Recruitment' is clicked on

2019-01-03 16:39:51 - [TEST_STEP][PASSED] - pk_Functions.CS_TextLov.TextLovFun: pk_Functions.CS_TextLov.TextLovFun is PASSED

2019-01-03 16:39:53 - [MESSAGE][PASSED] - Text 'airamadan' is set on object ''

2019-01-03 16:39:53 - [MESSAGE][PASSED] - All options with label 'Account Clerk' are selected in object '' 

2019-01-03 16:39:53 - [MESSAGE][PASSED] - pk_Functions.CS_TextLov.TextLovFun is PASSED]]></system-out>
         <system-err><![CDATA[]]></system-err>
      </testcase>
      <testcase name="Test Cases/Orange_Website_Using_Function/TC_AllPageComponent" classname="Test Cases/Orange_Website_Using_Function/TC_AllPageComponent" status="PASSED">
         <system-out><![CDATA[2019-01-03 16:39:53 - [TEST_CASE][PASSED] - Test Cases/Orange_Website_Using_Function/TC_AllPageComponent: Test Cases/Orange_Website_Using_Function/TC_AllPageComponent

2019-01-03 16:39:53 - [TEST_STEP][PASSED] - pk_Functions.CS_Login.LoginFun: pk_Functions.CS_Login.LoginFun is PASSED

2019-01-03 16:39:53 - [MESSAGE][WARNING] - Test object id is null

2019-01-03 16:39:53 - [MESSAGE][WARNING] - A browser is already opened. Closing browser and opening a new one

2019-01-03 16:40:01 - [MESSAGE][PASSED] - Browser is opened with url: 'https://opensource-demo.orangehrmlive.com/index.php/auth/login'

2019-01-03 16:40:01 - [MESSAGE][PASSED] - Text 'Admin' is set on object 'Object Repository/Orange/Login/Username'

2019-01-03 16:40:01 - [MESSAGE][PASSED] - Text 'admin123' is set on object 'Object Repository/Orange/Login/Password'

2019-01-03 16:40:05 - [MESSAGE][PASSED] - Object: 'Object Repository/Orange/Login/Login' is clicked on

2019-01-03 16:40:05 - [MESSAGE][PASSED] - pk_Functions.CS_Login.LoginFun is PASSED

2019-01-03 16:40:05 - [TEST_STEP][PASSED] - click: Object: 'Object Repository/Orange/Navigation/MNUITM_Recruitment' is clicked on

2019-01-03 16:40:08 - [MESSAGE][PASSED] - Object: 'Object Repository/Orange/Navigation/MNUITM_Recruitment' is clicked on

2019-01-03 16:40:08 - [TEST_STEP][PASSED] - pk_Functions.CS_TextLov.TextLovFun: pk_Functions.CS_TextLov.TextLovFun is PASSED

2019-01-03 16:40:08 - [MESSAGE][PASSED] - Text 'asmaa' is set on object ''

2019-01-03 16:40:08 - [MESSAGE][PASSED] - All options with label 'CEO' are selected in object '' 

2019-01-03 16:40:08 - [MESSAGE][PASSED] - pk_Functions.CS_TextLov.TextLovFun is PASSED]]></system-out>
         <system-err><![CDATA[]]></system-err>
      </testcase>
      <system-out><![CDATA[2019-01-03 16:39:33 - [TEST_SUITE][PASSED] - TS_OrangeWebUsingKeywords: Test Cases/Orange_Website_Using_Function/TC_AllPageComponent]]></system-out>
      <system-err><![CDATA[]]></system-err>
   </testsuite>
</testsuites>
