<?xml version="1.0" encoding="UTF-8"?>
<testsuites name="TS_Orange_Locations" time="19" tests="1" failures="0" errors="0">
   <testsuite name="TS_Orange_Locations" tests="1" failures="0" errors="0" time="19" timestamp="2019-01-06 16:47:35" hostname="asalah - LPALXY0442.ejadaalex.local" id="Test Suites/TS_Orange_Locations">
      <properties>
         <property name="deviceName" value=""/>
         <property name="devicePlatform" value=""/>
         <property name="logFolder" value="C:\\Users\\asalah\\git\\Training_1\\Reports\\TS_Orange_Locations\\20190106_164731"/>
         <property name="logFiles" value="C:\\Users\\asalah\\git\\Training_1\\Reports\\TS_Orange_Locations\\20190106_164731\\execution0.log"/>
         <property name="attachments" value=""/>
         <property name="hostName" value="asalah - LPALXY0442.ejadaalex.local"/>
         <property name="os" value="Windows 10 64bit"/>
         <property name="katalonVersion" value="5.8.6.1"/>
         <property name="browser" value="Chrome 71.0.3578.98"/>
         <property name="hostAddress" value="192.168.3.57"/>
         <property name="sessionId" value="f15773823d472ae23284867cd6b86c88"/>
         <property name="seleniumVersion" value="3.7.1"/>
         <property name="proxyInformation" value="ProxyInformation{proxyOption=NO_PROXY, proxyServerType=HTTP, password=, proxyServerAddress=, proxyServerPort=0}"/>
         <property name="platform" value="Windows 10"/>
      </properties>
      <testcase name="Test Cases/Orange_Website/TC_Multi_Scenarios" classname="Test Cases/Orange_Website/TC_Multi_Scenarios" status="PASSED">
         <system-out><![CDATA[2019-01-06 16:47:35 - [TEST_CASE][PASSED] - Test Cases/Orange_Website/TC_Multi_Scenarios: Test Cases/Orange_Website/TC_Multi_Scenarios

2019-01-06 16:47:36 - [TEST_STEP][PASSED] - openBrowser: Browser is opened with url: 'https://opensource-demo.orangehrmlive.com/index.php/auth/login'

2019-01-06 16:47:43 - [MESSAGE][PASSED] - Browser is opened with url: 'https://opensource-demo.orangehrmlive.com/index.php/auth/login'

2019-01-06 16:47:43 - [TEST_STEP][PASSED] - setText: Text 'Admin' is set on object 'Object Repository/Orange/Login/Username'

2019-01-06 16:47:43 - [MESSAGE][PASSED] - Text 'Admin' is set on object 'Object Repository/Orange/Login/Username'

2019-01-06 16:47:43 - [TEST_STEP][PASSED] - setText: Text 'admin123' is set on object 'Object Repository/Orange/Login/Password'

2019-01-06 16:47:44 - [MESSAGE][PASSED] - Text 'admin123' is set on object 'Object Repository/Orange/Login/Password'

2019-01-06 16:47:44 - [TEST_STEP][PASSED] - click: Object: 'Object Repository/Orange/Login/Login' is clicked on

2019-01-06 16:47:45 - [MESSAGE][PASSED] - Object: 'Object Repository/Orange/Login/Login' is clicked on

2019-01-06 16:47:45 - [TEST_STEP][PASSED] - navigateToUrl: Navigate to 'https://opensource-demo.orangehrmlive.com/index.php/admin/viewLocations' successfully

2019-01-06 16:47:47 - [MESSAGE][PASSED] - Navigate to 'https://opensource-demo.orangehrmlive.com/index.php/admin/viewLocations' successfully

2019-01-06 16:47:47 - [TEST_STEP][PASSED] - click: Object: 'Object Repository/Orange/Locations/btn_Add' is clicked on

2019-01-06 16:47:48 - [MESSAGE][PASSED] - Object: 'Object Repository/Orange/Locations/btn_Add' is clicked on

2019-01-06 16:47:48 - [TEST_STEP][PASSED] - selectOptionByValue: All options with value 'EG' are selected in object 'Object Repository/Orange/Locations/Lov_country' 

2019-01-06 16:47:48 - [MESSAGE][PASSED] - All options with value 'EG' are selected in object 'Object Repository/Orange/Locations/Lov_country' 

2019-01-06 16:47:48 - [TEST_STEP][PASSED] - pk_Functions.CS_AllPageData.AllPageDataFun: pk_Functions.CS_AllPageData.AllPageDataFun is PASSED

2019-01-06 16:47:50 - [MESSAGE][PASSED] - Text 'Azza' is set on object ''

2019-01-06 16:47:50 - [MESSAGE][PASSED] - Text 'XX' is set on object ''

2019-01-06 16:47:50 - [MESSAGE][PASSED] - Text 'Alexandria' is set on object ''

2019-01-06 16:47:50 - [MESSAGE][PASSED] - Text '' is set on object ''

2019-01-06 16:47:50 - [MESSAGE][PASSED] - Text '12012' is set on object ''

2019-01-06 16:47:50 - [MESSAGE][PASSED] - Text '01129211656' is set on object ''

2019-01-06 16:47:51 - [MESSAGE][PASSED] - Text '' is set on object ''

2019-01-06 16:47:51 - [MESSAGE][PASSED] - Text 'first location' is set on object ''

2019-01-06 16:47:51 - [MESSAGE][PASSED] - pk_Functions.CS_AllPageData.AllPageDataFun is PASSED

2019-01-06 16:47:51 - [TEST_STEP][PASSED] - click: Object: 'Object Repository/Orange/Locations/btn_Save' is clicked on

2019-01-06 16:47:52 - [MESSAGE][PASSED] - Object: 'Object Repository/Orange/Locations/btn_Save' is clicked on

2019-01-06 16:47:52 - [TEST_STEP][PASSED] - pk_Functions.CS_SelectRecordFromWebtable.SelectRecordFromWebtableFun: pk_Functions.CS_SelectRecordFromWebtable.SelectRecordFromWebtableFun is PASSED

2019-01-06 16:47:53 - [MESSAGE][PASSED] - pk_Functions.CS_SelectRecordFromWebtable.SelectRecordFromWebtableFun is PASSED

2019-01-06 16:47:53 - [TEST_STEP][PASSED] - click: Object: 'Object Repository/Orange/Locations/btn_Edit' is clicked on

2019-01-06 16:47:53 - [MESSAGE][PASSED] - Object: 'Object Repository/Orange/Locations/btn_Edit' is clicked on

2019-01-06 16:47:53 - [TEST_STEP][PASSED] - pk_Functions.CS_AllPageData.AllPageDataFun: pk_Functions.CS_AllPageData.AllPageDataFun is PASSED

2019-01-06 16:47:53 - [MESSAGE][PASSED] - Text 'Azza3' is set on object ''

2019-01-06 16:47:53 - [MESSAGE][PASSED] - Text 'XXXX' is set on object ''

2019-01-06 16:47:53 - [MESSAGE][PASSED] - Text 'Alexandria' is set on object ''

2019-01-06 16:47:54 - [MESSAGE][PASSED] - Text '' is set on object ''

2019-01-06 16:47:54 - [MESSAGE][PASSED] - Text '12012' is set on object ''

2019-01-06 16:47:54 - [MESSAGE][PASSED] - Text '1129211656' is set on object ''

2019-01-06 16:47:54 - [MESSAGE][PASSED] - Text '' is set on object ''

2019-01-06 16:47:54 - [MESSAGE][PASSED] - Text 'first location' is set on object ''

2019-01-06 16:47:54 - [MESSAGE][PASSED] - pk_Functions.CS_AllPageData.AllPageDataFun is PASSED

2019-01-06 16:47:54 - [TEST_STEP][PASSED] - selectOptionByValue: All options with value 'EG' are selected in object 'Object Repository/Orange/Locations/Lov_country' 

2019-01-06 16:47:54 - [MESSAGE][PASSED] - All options with value 'EG' are selected in object 'Object Repository/Orange/Locations/Lov_country']]></system-out>
         <system-err><![CDATA[]]></system-err>
      </testcase>
      <system-out><![CDATA[2019-01-06 16:47:35 - [TEST_SUITE][PASSED] - TS_Orange_Locations: Test Cases/Orange_Website/TC_Multi_Scenarios]]></system-out>
      <system-err><![CDATA[]]></system-err>
   </testsuite>
</testsuites>
