<?xml version="1.0" encoding="UTF-8"?>
<testsuites name="TS_Orange_JobTitles" time="20" tests="2" failures="0" errors="0">
   <testsuite name="TS_Orange_JobTitles" tests="2" failures="0" errors="0" time="20" timestamp="2019-01-06 10:18:09" hostname="Ebtehal Gamal Yusuf - LPALXY0199.ejadaalex.local" id="Test Suites/TS_Orange_JobTitles">
      <properties>
         <property name="deviceName" value=""/>
         <property name="devicePlatform" value=""/>
         <property name="logFolder" value="C:\\Users\\Administrator\\git\\Training_1\\Reports\\TS_Orange_JobTitles\\20190106_101806"/>
         <property name="logFiles" value="C:\\Users\\Administrator\\git\\Training_1\\Reports\\TS_Orange_JobTitles\\20190106_101806\\execution0.log"/>
         <property name="attachments" value=""/>
         <property name="hostName" value="Ebtehal Gamal Yusuf - LPALXY0199.ejadaalex.local"/>
         <property name="os" value="Windows 7 64bit"/>
         <property name="katalonVersion" value="5.10.0.1"/>
         <property name="browser" value="Chrome 71.0.3578.98"/>
         <property name="hostAddress" value="192.168.3.51"/>
         <property name="sessionId" value="84cf071f485c2bec247c87bf5ce6f9b1"/>
         <property name="seleniumVersion" value="3.7.1"/>
         <property name="proxyInformation" value="ProxyInformation{proxyOption=NO_PROXY, proxyServerType=HTTP, password=, proxyServerAddress=, proxyServerPort=0}"/>
         <property name="platform" value="Windows 7"/>
      </properties>
      <testcase name="Test Cases/Orange_Website/Login Screen" classname="Test Cases/Orange_Website/Login Screen" status="PASSED">
         <system-out><![CDATA[2019-01-06 10:18:09 - [TEST_CASE][PASSED] - Test Cases/Orange_Website/Login Screen: Test Cases/Orange_Website/Login Screen

2019-01-06 10:18:10 - [TEST_STEP][PASSED] - openBrowser("https://opensource-demo.orangehrmlive.com/index.php/auth/login"): Browser is opened with url: 'https://opensource-demo.orangehrmlive.com/index.php/auth/login'

2019-01-06 10:18:10 - [MESSAGE][INFO] - Starting 'Chrome' driver

2019-01-06 10:18:10 - [MESSAGE][INFO] - Action delay is set to 0 seconds

2019-01-06 10:18:19 - [MESSAGE][PASSED] - Browser is opened with url: 'https://opensource-demo.orangehrmlive.com/index.php/auth/login'

2019-01-06 10:18:19 - [TEST_STEP][PASSED] - setText(findTestObject("Orange/Login/Username"), "Admin"): Text 'Admin' is set on object 'Object Repository/Orange/Login/Username'

2019-01-06 10:18:19 - [MESSAGE][PASSED] - Text 'Admin' is set on object 'Object Repository/Orange/Login/Username'

2019-01-06 10:18:19 - [TEST_STEP][PASSED] - setText(findTestObject("Orange/Login/Password"), "admin123"): Text 'admin123' is set on object 'Object Repository/Orange/Login/Password'

2019-01-06 10:18:20 - [MESSAGE][PASSED] - Text 'admin123' is set on object 'Object Repository/Orange/Login/Password'

2019-01-06 10:18:20 - [TEST_STEP][PASSED] - click(findTestObject("Orange/Login/Login")): Object: 'Object Repository/Orange/Login/Login' is clicked on

2019-01-06 10:18:21 - [MESSAGE][PASSED] - Object: 'Object Repository/Orange/Login/Login' is clicked on]]></system-out>
         <system-err><![CDATA[]]></system-err>
      </testcase>
      <testcase name="Test Cases/Orange_Website/JobTitles_Screen2" classname="Test Cases/Orange_Website/JobTitles_Screen2" status="PASSED">
         <system-out><![CDATA[2019-01-06 10:18:21 - [TEST_CASE][PASSED] - Test Cases/Orange_Website/JobTitles_Screen2: Test Cases/Orange_Website/JobTitles_Screen2

2019-01-06 10:18:22 - [TEST_STEP][PASSED] - click(findTestObject("Orange/Navigation/MNULST_Admin")): Object: 'Object Repository/Orange/Navigation/MNULST_Admin' is clicked on

2019-01-06 10:18:25 - [MESSAGE][PASSED] - Object: 'Object Repository/Orange/Navigation/MNULST_Admin' is clicked on

2019-01-06 10:18:25 - [TEST_STEP][PASSED] - click(findTestObject("Orange/Navigation/MNUITM_Job")): Object: 'Object Repository/Orange/Navigation/MNUITM_Job' is clicked on

2019-01-06 10:18:25 - [MESSAGE][PASSED] - Object: 'Object Repository/Orange/Navigation/MNUITM_Job' is clicked on

2019-01-06 10:18:25 - [TEST_STEP][PASSED] - click(findTestObject("Orange/Navigation/MNUITM_JobTitles")): Object: 'Object Repository/Orange/Navigation/MNUITM_JobTitles' is clicked on

2019-01-06 10:18:26 - [MESSAGE][PASSED] - Object: 'Object Repository/Orange/Navigation/MNUITM_JobTitles' is clicked on

2019-01-06 10:18:26 - [TEST_STEP][PASSED] - ExpectedValue = "Sales Executive": null

2019-01-06 10:18:26 - [TEST_STEP][PASSED] - ndriver = getWebDriver(): null

2019-01-06 10:18:26 - [TEST_STEP][PASSED] - Table = ndriver.findElement(By.id("resultTable")): null

2019-01-06 10:18:26 - [TEST_STEP][PASSED] - Rows = Table.findElements(By.tagName("tr")): null

2019-01-06 10:18:26 - [TEST_STEP][PASSED] - println("No. of rows: " + Rows.size()): null

2019-01-06 10:18:26 - [TEST_STEP][PASSED] - "Find a matching text in a table and performing action": null

2019-01-06 10:18:26 - [TEST_STEP][PASSED] - for ([i = 0, i < Rows.size(), (i++)]): null

2019-01-06 10:18:26 - [TEST_STEP][PASSED] - Cols = get(i).findElements(By.tagName("td")): null

2019-01-06 10:18:26 - [TEST_STEP][PASSED] - for ([j = 0, j < Cols.size(), (j++)]): null

2019-01-06 10:18:26 - [TEST_STEP][PASSED] - Cols = get(i).findElements(By.tagName("td")): null

2019-01-06 10:18:27 - [TEST_STEP][PASSED] - for ([j = 0, j < Cols.size(), (j++)]): null

2019-01-06 10:18:27 - [TEST_STEP][PASSED] - "Verifying the expected text in the each cell": null

2019-01-06 10:18:27 - [TEST_STEP][PASSED] - println(get(j).getText()): null

2019-01-06 10:18:27 - [TEST_STEP][PASSED] - "Verifying the expected text in the each cell": null

2019-01-06 10:18:27 - [TEST_STEP][PASSED] - println(get(j).getText()): null

2019-01-06 10:18:27 - [TEST_STEP][PASSED] - "Verifying the expected text in the each cell": null

2019-01-06 10:18:27 - [TEST_STEP][PASSED] - println(get(j).getText()): null

2019-01-06 10:18:27 - [TEST_STEP][PASSED] - Cols = get(i).findElements(By.tagName("td")): null

2019-01-06 10:18:27 - [TEST_STEP][PASSED] - for ([j = 0, j < Cols.size(), (j++)]): null

2019-01-06 10:18:27 - [TEST_STEP][PASSED] - "Verifying the expected text in the each cell": null

2019-01-06 10:18:27 - [TEST_STEP][PASSED] - println(get(j).getText()): null

2019-01-06 10:18:27 - [TEST_STEP][PASSED] - "Verifying the expected text in the each cell": null

2019-01-06 10:18:27 - [TEST_STEP][PASSED] - println(get(j).getText()): null

2019-01-06 10:18:27 - [TEST_STEP][PASSED] - "Verifying the expected text in the each cell": null

2019-01-06 10:18:27 - [TEST_STEP][PASSED] - println(get(j).getText()): null

2019-01-06 10:18:27 - [TEST_STEP][PASSED] - Cols = get(i).findElements(By.tagName("td")): null

2019-01-06 10:18:27 - [TEST_STEP][PASSED] - for ([j = 0, j < Cols.size(), (j++)]): null

2019-01-06 10:18:27 - [TEST_STEP][PASSED] - "Verifying the expected text in the each cell": null

2019-01-06 10:18:27 - [TEST_STEP][PASSED] - println(get(j).getText()): null

2019-01-06 10:18:27 - [TEST_STEP][PASSED] - "Verifying the expected text in the each cell": null

2019-01-06 10:18:27 - [TEST_STEP][PASSED] - println(get(j).getText()): null

2019-01-06 10:18:27 - [TEST_STEP][PASSED] - "Verifying the expected text in the each cell": null

2019-01-06 10:18:27 - [TEST_STEP][PASSED] - println(get(j).getText()): null

2019-01-06 10:18:27 - [TEST_STEP][PASSED] - Cols = get(i).findElements(By.tagName("td")): null

2019-01-06 10:18:27 - [TEST_STEP][PASSED] - for ([j = 0, j < Cols.size(), (j++)]): null

2019-01-06 10:18:27 - [TEST_STEP][PASSED] - "Verifying the expected text in the each cell": null

2019-01-06 10:18:27 - [TEST_STEP][PASSED] - println(get(j).getText()): null

2019-01-06 10:18:27 - [TEST_STEP][PASSED] - "Verifying the expected text in the each cell": null

2019-01-06 10:18:27 - [TEST_STEP][PASSED] - println(get(j).getText()): null

2019-01-06 10:18:28 - [TEST_STEP][PASSED] - "Verifying the expected text in the each cell": null

2019-01-06 10:18:28 - [TEST_STEP][PASSED] - println(get(j).getText()): null

2019-01-06 10:18:28 - [TEST_STEP][PASSED] - Cols = get(i).findElements(By.tagName("td")): null

2019-01-06 10:18:28 - [TEST_STEP][PASSED] - for ([j = 0, j < Cols.size(), (j++)]): null

2019-01-06 10:18:28 - [TEST_STEP][PASSED] - "Verifying the expected text in the each cell": null

2019-01-06 10:18:28 - [TEST_STEP][PASSED] - println(get(j).getText()): null

2019-01-06 10:18:28 - [TEST_STEP][PASSED] - "Verifying the expected text in the each cell": null

2019-01-06 10:18:28 - [TEST_STEP][PASSED] - println(get(j).getText()): null

2019-01-06 10:18:28 - [TEST_STEP][PASSED] - "Verifying the expected text in the each cell": null

2019-01-06 10:18:28 - [TEST_STEP][PASSED] - println(get(j).getText()): null

2019-01-06 10:18:28 - [TEST_STEP][PASSED] - Cols = get(i).findElements(By.tagName("td")): null

2019-01-06 10:18:28 - [TEST_STEP][PASSED] - for ([j = 0, j < Cols.size(), (j++)]): null

2019-01-06 10:18:28 - [TEST_STEP][PASSED] - "Verifying the expected text in the each cell": null

2019-01-06 10:18:28 - [TEST_STEP][PASSED] - println(get(j).getText()): null

2019-01-06 10:18:28 - [TEST_STEP][PASSED] - "Verifying the expected text in the each cell": null

2019-01-06 10:18:28 - [TEST_STEP][PASSED] - println(get(j).getText()): null

2019-01-06 10:18:28 - [TEST_STEP][PASSED] - "Verifying the expected text in the each cell": null

2019-01-06 10:18:28 - [TEST_STEP][PASSED] - println(get(j).getText()): null

2019-01-06 10:18:28 - [TEST_STEP][PASSED] - Cols = get(i).findElements(By.tagName("td")): null

2019-01-06 10:18:28 - [TEST_STEP][PASSED] - for ([j = 0, j < Cols.size(), (j++)]): null

2019-01-06 10:18:28 - [TEST_STEP][PASSED] - "Verifying the expected text in the each cell": null

2019-01-06 10:18:28 - [TEST_STEP][PASSED] - println(get(j).getText()): null

2019-01-06 10:18:28 - [TEST_STEP][PASSED] - "Verifying the expected text in the each cell": null

2019-01-06 10:18:28 - [TEST_STEP][PASSED] - println(get(j).getText()): null

2019-01-06 10:18:28 - [TEST_STEP][PASSED] - "Verifying the expected text in the each cell": null

2019-01-06 10:18:28 - [TEST_STEP][PASSED] - println(get(j).getText()): null

2019-01-06 10:18:28 - [TEST_STEP][PASSED] - Cols = get(i).findElements(By.tagName("td")): null

2019-01-06 10:18:28 - [TEST_STEP][PASSED] - for ([j = 0, j < Cols.size(), (j++)]): null

2019-01-06 10:18:28 - [TEST_STEP][PASSED] - "Verifying the expected text in the each cell": null

2019-01-06 10:18:28 - [TEST_STEP][PASSED] - println(get(j).getText()): null

2019-01-06 10:18:28 - [TEST_STEP][PASSED] - "Verifying the expected text in the each cell": null

2019-01-06 10:18:28 - [TEST_STEP][PASSED] - println(get(j).getText()): null

2019-01-06 10:18:28 - [TEST_STEP][PASSED] - "Verifying the expected text in the each cell": null

2019-01-06 10:18:28 - [TEST_STEP][PASSED] - println(get(j).getText()): null

2019-01-06 10:18:28 - [TEST_STEP][PASSED] - Cols = get(i).findElements(By.tagName("td")): null

2019-01-06 10:18:28 - [TEST_STEP][PASSED] - for ([j = 0, j < Cols.size(), (j++)]): null

2019-01-06 10:18:28 - [TEST_STEP][PASSED] - "Verifying the expected text in the each cell": null

2019-01-06 10:18:28 - [TEST_STEP][PASSED] - println(get(j).getText()): null

2019-01-06 10:18:28 - [TEST_STEP][PASSED] - "Verifying the expected text in the each cell": null

2019-01-06 10:18:28 - [TEST_STEP][PASSED] - println(get(j).getText()): null

2019-01-06 10:18:28 - [TEST_STEP][PASSED] - "Verifying the expected text in the each cell": null

2019-01-06 10:18:28 - [TEST_STEP][PASSED] - println(get(j).getText()): null]]></system-out>
         <system-err><![CDATA[]]></system-err>
      </testcase>
      <system-out><![CDATA[2019-01-06 10:18:09 - [TEST_SUITE][PASSED] - TS_Orange_JobTitles: Test Cases/Orange_Website/JobTitles_Screen2]]></system-out>
      <system-err><![CDATA[]]></system-err>
   </testsuite>
</testsuites>
