<?xml version="1.0" encoding="UTF-8"?>
<testsuites name="TS_Orange_Locations" time="42" tests="1" failures="0" errors="0">
   <testsuite name="TS_Orange_Locations" tests="1" failures="0" errors="0" time="42" timestamp="2019-01-09 16:39:40" hostname="asalah - LPALXY0442.ejadaalex.local" id="Test Suites/TS_Orange_Locations">
      <properties>
         <property name="deviceName" value=""/>
         <property name="devicePlatform" value=""/>
         <property name="logFolder" value="C:\\Users\\asalah\\Desktop\\Katalon_Training\\Training_1\\Reports\\TS_Orange_Locations\\20190109_163937"/>
         <property name="logFiles" value="C:\\Users\\asalah\\Desktop\\Katalon_Training\\Training_1\\Reports\\TS_Orange_Locations\\20190109_163937\\execution0.log"/>
         <property name="attachments" value=""/>
         <property name="hostName" value="asalah - LPALXY0442.ejadaalex.local"/>
         <property name="os" value="Windows 10 64bit"/>
         <property name="katalonVersion" value="5.10.1.1"/>
         <property name="browser" value="Chrome 71.0.3578.98"/>
         <property name="hostAddress" value="192.168.3.57"/>
         <property name="sessionId" value="a4c7cb213fbeeff3492c135a8d7c153d"/>
         <property name="seleniumVersion" value="3.7.1"/>
         <property name="proxyInformation" value="ProxyInformation{proxyOption=NO_PROXY, proxyServerType=HTTP, password=, proxyServerAddress=, proxyServerPort=0}"/>
         <property name="platform" value="Windows 10"/>
      </properties>
      <testcase name="Test Cases/Orange_Website/TC_Azza_Asmaa" classname="Test Cases/Orange_Website/TC_Azza_Asmaa" status="PASSED">
         <system-out><![CDATA[2019-01-09 16:39:41 - [TEST_CASE][PASSED] - Test Cases/Orange_Website/TC_Azza_Asmaa: Test Cases/Orange_Website/TC_Azza_Asmaa

2019-01-09 16:39:42 - [TEST_STEP][PASSED] - openBrowser("https://opensource-demo.orangehrmlive.com/index.php/auth/login"): Browser is opened with url: 'https://opensource-demo.orangehrmlive.com/index.php/auth/login'

2019-01-09 16:39:42 - [MESSAGE][INFO] - Starting 'Chrome' driver

2019-01-09 16:39:42 - [MESSAGE][INFO] - Action delay is set to 0 seconds

2019-01-09 16:39:59 - [MESSAGE][PASSED] - Browser is opened with url: 'https://opensource-demo.orangehrmlive.com/index.php/auth/login'

2019-01-09 16:39:59 - [TEST_STEP][PASSED] - setText(findTestObject("Orange/Login/Username"), "Admin"): Text 'Admin' is set on object 'Object Repository/Orange/Login/Username'

2019-01-09 16:39:59 - [MESSAGE][PASSED] - Text 'Admin' is set on object 'Object Repository/Orange/Login/Username'

2019-01-09 16:39:59 - [TEST_STEP][PASSED] - setText(findTestObject("Orange/Login/Password"), "admin123"): Text 'admin123' is set on object 'Object Repository/Orange/Login/Password'

2019-01-09 16:39:59 - [MESSAGE][PASSED] - Text 'admin123' is set on object 'Object Repository/Orange/Login/Password'

2019-01-09 16:39:59 - [TEST_STEP][PASSED] - click(findTestObject("Orange/Login/Login")): Object: 'Object Repository/Orange/Login/Login' is clicked on

2019-01-09 16:40:06 - [MESSAGE][PASSED] - Object: 'Object Repository/Orange/Login/Login' is clicked on

2019-01-09 16:40:06 - [TEST_STEP][PASSED] - navigateToUrl("https://opensource-demo.orangehrmlive.com/index.php/admin/viewLocations"): Navigate to 'https://opensource-demo.orangehrmlive.com/index.php/admin/viewLocations' successfully

2019-01-09 16:40:09 - [MESSAGE][PASSED] - Navigate to 'https://opensource-demo.orangehrmlive.com/index.php/admin/viewLocations' successfully

2019-01-09 16:40:09 - [TEST_STEP][PASSED] - click(findTestObject("Orange/Locations/btn_Add")): Object: 'Object Repository/Orange/Locations/btn_Add' is clicked on

2019-01-09 16:40:15 - [MESSAGE][PASSED] - Object: 'Object Repository/Orange/Locations/btn_Add' is clicked on

2019-01-09 16:40:15 - [TEST_STEP][PASSED] - pk_Functions.CS_TextLov.TextLovFun("Orange/ALLComponents_Location_ObjectRepository", "Sheet1", [Name, StateProvince, City, Address, ZipPostalCode, Phone, Fax, Notes, Country]): pk_Functions.CS_TextLov.TextLovFun is PASSED

2019-01-09 16:40:16 - [MESSAGE][PASSED] - Text 'Azza' is set on object ''

2019-01-09 16:40:16 - [MESSAGE][PASSED] - Text 'XX' is set on object ''

2019-01-09 16:40:16 - [MESSAGE][PASSED] - Text 'Alexandria' is set on object ''

2019-01-09 16:40:17 - [MESSAGE][PASSED] - Text '' is set on object ''

2019-01-09 16:40:17 - [MESSAGE][PASSED] - Text '12012' is set on object ''

2019-01-09 16:40:17 - [MESSAGE][PASSED] - Text '01129211656' is set on object ''

2019-01-09 16:40:17 - [MESSAGE][PASSED] - Text '' is set on object ''

2019-01-09 16:40:17 - [MESSAGE][PASSED] - Text 'first location' is set on object ''

2019-01-09 16:40:17 - [MESSAGE][PASSED] - All options with label 'Egypt' are selected in object '' 

2019-01-09 16:40:17 - [MESSAGE][PASSED] - pk_Functions.CS_TextLov.TextLovFun is PASSED

2019-01-09 16:40:17 - [TEST_STEP][PASSED] - click(findTestObject("Orange/Locations/btn_Save")): Object: 'Object Repository/Orange/Locations/btn_Save' is clicked on

2019-01-09 16:40:23 - [MESSAGE][PASSED] - Object: 'Object Repository/Orange/Locations/btn_Save' is clicked on]]></system-out>
         <system-err><![CDATA[]]></system-err>
      </testcase>
      <system-out><![CDATA[2019-01-09 16:39:40 - [TEST_SUITE][PASSED] - TS_Orange_Locations: Test Cases/Orange_Website/TC_Azza_Asmaa]]></system-out>
      <system-err><![CDATA[]]></system-err>
   </testsuite>
</testsuites>
