<?xml version="1.0" encoding="UTF-8"?>
<testsuites name="TS_Orange_JobTitles" time="25" tests="2" failures="0" errors="0">
   <testsuite name="TS_Orange_JobTitles" tests="2" failures="0" errors="0" time="25" timestamp="2019-01-02 15:47:03" hostname="Ebtehal Gamal Yusuf - LPALXY0199.ejadaalex.local" id="Test Suites/TS_Orange_JobTitles">
      <properties>
         <property name="deviceName" value=""/>
         <property name="devicePlatform" value=""/>
         <property name="logFolder" value="C:\\Users\\Administrator\\git\\Training_1\\Reports\\TS_Orange_JobTitles\\20190102_154700"/>
         <property name="logFiles" value="C:\\Users\\Administrator\\git\\Training_1\\Reports\\TS_Orange_JobTitles\\20190102_154700\\execution0.log"/>
         <property name="attachments" value=""/>
         <property name="hostName" value="Ebtehal Gamal Yusuf - LPALXY0199.ejadaalex.local"/>
         <property name="os" value="Windows 7 64bit"/>
         <property name="katalonVersion" value="5.10.0.1"/>
         <property name="browser" value="Chrome 71.0.3578.98"/>
         <property name="hostAddress" value="192.168.3.51"/>
         <property name="sessionId" value="06c473c8883ee0e03c7449e9581cc0c8"/>
         <property name="seleniumVersion" value="3.7.1"/>
         <property name="proxyInformation" value="ProxyInformation{proxyOption=NO_PROXY, proxyServerType=HTTP, password=, proxyServerAddress=, proxyServerPort=0}"/>
         <property name="platform" value="Windows 7"/>
      </properties>
      <testcase name="Test Cases/Orange_Website/Login Screen" classname="Test Cases/Orange_Website/Login Screen" status="PASSED">
         <system-out><![CDATA[2019-01-02 15:47:03 - [TEST_CASE][PASSED] - Test Cases/Orange_Website/Login Screen: Test Cases/Orange_Website/Login Screen

2019-01-02 15:47:04 - [TEST_STEP][PASSED] - openBrowser("https://opensource-demo.orangehrmlive.com/index.php/auth/login"): Browser is opened with url: 'https://opensource-demo.orangehrmlive.com/index.php/auth/login'

2019-01-02 15:47:04 - [MESSAGE][INFO] - Starting 'Chrome' driver

2019-01-02 15:47:04 - [MESSAGE][INFO] - Action delay is set to 0 seconds

2019-01-02 15:47:12 - [MESSAGE][PASSED] - Browser is opened with url: 'https://opensource-demo.orangehrmlive.com/index.php/auth/login'

2019-01-02 15:47:12 - [TEST_STEP][PASSED] - setText(findTestObject("Orange/Login/Username"), "Admin"): Text 'Admin' is set on object 'Object Repository/Orange/Login/Username'

2019-01-02 15:47:12 - [MESSAGE][PASSED] - Text 'Admin' is set on object 'Object Repository/Orange/Login/Username'

2019-01-02 15:47:12 - [TEST_STEP][PASSED] - setText(findTestObject("Orange/Login/Password"), "admin123"): Text 'admin123' is set on object 'Object Repository/Orange/Login/Password'

2019-01-02 15:47:12 - [MESSAGE][PASSED] - Text 'admin123' is set on object 'Object Repository/Orange/Login/Password'

2019-01-02 15:47:12 - [TEST_STEP][PASSED] - click(findTestObject("Orange/Login/Login")): Object: 'Object Repository/Orange/Login/Login' is clicked on

2019-01-02 15:47:14 - [MESSAGE][PASSED] - Object: 'Object Repository/Orange/Login/Login' is clicked on]]></system-out>
         <system-err><![CDATA[]]></system-err>
      </testcase>
      <testcase name="Test Cases/Orange_Website/JobTitles_Screen" classname="Test Cases/Orange_Website/JobTitles_Screen" status="PASSED">
         <system-out><![CDATA[2019-01-02 15:47:14 - [TEST_CASE][PASSED] - Test Cases/Orange_Website/JobTitles_Screen: Test Cases/Orange_Website/JobTitles_Screen

2019-01-02 15:47:14 - [TEST_STEP][PASSED] - click(findTestObject("Orange/Navigation/MNULST_Admin")): Object: 'Object Repository/Orange/Navigation/MNULST_Admin' is clicked on

2019-01-02 15:47:16 - [MESSAGE][PASSED] - Object: 'Object Repository/Orange/Navigation/MNULST_Admin' is clicked on

2019-01-02 15:47:16 - [TEST_STEP][PASSED] - click(findTestObject("Orange/Navigation/MNUITM_Job")): Object: 'Object Repository/Orange/Navigation/MNUITM_Job' is clicked on

2019-01-02 15:47:16 - [MESSAGE][PASSED] - Object: 'Object Repository/Orange/Navigation/MNUITM_Job' is clicked on

2019-01-02 15:47:16 - [TEST_STEP][PASSED] - click(findTestObject("Orange/Navigation/MNUITM_JobTitles")): Object: 'Object Repository/Orange/Navigation/MNUITM_JobTitles' is clicked on

2019-01-02 15:47:17 - [MESSAGE][PASSED] - Object: 'Object Repository/Orange/Navigation/MNUITM_JobTitles' is clicked on

2019-01-02 15:47:17 - [TEST_STEP][PASSED] - click(findTestObject("Orange/JobTitles/BTN_Add")): Object: 'Object Repository/Orange/JobTitles/BTN_Add' is clicked on

2019-01-02 15:47:18 - [MESSAGE][PASSED] - Object: 'Object Repository/Orange/JobTitles/BTN_Add' is clicked on

2019-01-02 15:47:18 - [TEST_STEP][PASSED] - pk_Functions.CS_AllPageData.AllPageDataFun("Orange_JobTitles_ObjectRepository", "Sheet1", [jobtitles, jobdescription, notes]): pk_Functions.CS_AllPageData.AllPageDataFun is PASSED

2019-01-02 15:47:19 - [MESSAGE][PASSED] - Text 'Qc Engineer1' is set on object ''

2019-01-02 15:47:19 - [MESSAGE][PASSED] - Text 'Test applications' is set on object ''

2019-01-02 15:47:19 - [MESSAGE][PASSED] - Text 'test' is set on object ''

2019-01-02 15:47:19 - [MESSAGE][PASSED] - pk_Functions.CS_AllPageData.AllPageDataFun is PASSED

2019-01-02 15:47:19 - [TEST_STEP][PASSED] - delay(1): Delayed 1 second(s)

2019-01-02 15:47:20 - [MESSAGE][PASSED] - Delayed 1 second(s)

2019-01-02 15:47:20 - [TEST_STEP][PASSED] - tools.uploadFiles.uploadFile(findTestObject("Orange/JobTitles/BTN_ChooseFile"), ""D:\Ebtehal_QC\Extras\logo.jpg""): tools.uploadFiles.uploadFile is PASSED

2019-01-02 15:47:20 - [MESSAGE][PASSED] - Object: 'Object Repository/Orange/JobTitles/BTN_ChooseFile' is clicked on

2019-01-02 15:47:23 - [MESSAGE][PASSED] - tools.uploadFiles.uploadFile is PASSED

2019-01-02 15:47:23 - [TEST_STEP][PASSED] - Thread.sleep(2000): null

2019-01-02 15:47:25 - [TEST_STEP][PASSED] - click(findTestObject("Orange/JobTitles/BTN_Save")): Object: 'Object Repository/Orange/JobTitles/BTN_Save' is clicked on

2019-01-02 15:47:26 - [MESSAGE][PASSED] - Object: 'Object Repository/Orange/JobTitles/BTN_Save' is clicked on

2019-01-02 15:47:26 - [TEST_STEP][PASSED] - delay(1): Delayed 1 second(s)

2019-01-02 15:47:27 - [MESSAGE][PASSED] - Delayed 1 second(s)

2019-01-02 15:47:27 - [TEST_STEP][PASSED] - verifyElementPresent(findTestObject("Orange/JobTitles/MSG_SuccessValidationMessage"), 0): Object 'Object Repository/Orange/JobTitles/MSG_SuccessValidationMessage' is present

2019-01-02 15:47:27 - [MESSAGE][WARNING] - Timeout '0' is invalid. Using default page load timeout: '30'

2019-01-02 15:47:27 - [MESSAGE][PASSED] - Object 'Object Repository/Orange/JobTitles/MSG_SuccessValidationMessage' is present]]></system-out>
         <system-err><![CDATA[]]></system-err>
      </testcase>
      <system-out><![CDATA[2019-01-02 15:47:03 - [TEST_SUITE][PASSED] - TS_Orange_JobTitles: Test Cases/Orange_Website/JobTitles_Screen]]></system-out>
      <system-err><![CDATA[]]></system-err>
   </testsuite>
</testsuites>
