<?xml version="1.0" encoding="UTF-8"?>
<testsuites name="TS_OrangeWebUsingKeywords" time="18" tests="1" failures="0" errors="0">
   <testsuite name="TS_OrangeWebUsingKeywords" tests="1" failures="0" errors="0" time="18" timestamp="2019-01-04 01:59:09" hostname="lenovo - alenovo" id="Test Suites/TS_OrangeWebUsingKeywords">
      <properties>
         <property name="deviceName" value=""/>
         <property name="devicePlatform" value=""/>
         <property name="logFolder" value="C:\\Users\\lenovo\\git\\Training_1\\Reports\\TS_OrangeWebUsingKeywords\\20190104_015907"/>
         <property name="logFiles" value="C:\\Users\\lenovo\\git\\Training_1\\Reports\\TS_OrangeWebUsingKeywords\\20190104_015907\\execution0.log"/>
         <property name="attachments" value=""/>
         <property name="hostName" value="lenovo - alenovo"/>
         <property name="os" value="Windows 8.1 64bit"/>
         <property name="katalonVersion" value="5.9.1.2"/>
         <property name="browser" value="Chrome 71.0.3578.98"/>
         <property name="hostAddress" value="192.168.184.2"/>
         <property name="sessionId" value="96fb1d390f0ba4dfd3a0a7cb36d50241"/>
         <property name="seleniumVersion" value="3.7.1"/>
         <property name="proxyInformation" value="ProxyInformation{proxyOption=NO_PROXY, proxyServerType=HTTP, password=, proxyServerAddress=, proxyServerPort=0}"/>
         <property name="platform" value="Windows 8.1"/>
      </properties>
      <testcase name="Test Cases/Orange_Website_Using_Function/TC_AllPageComponent" classname="Test Cases/Orange_Website_Using_Function/TC_AllPageComponent" status="PASSED">
         <system-out><![CDATA[2019-01-04 01:59:09 - [TEST_CASE][PASSED] - Test Cases/Orange_Website_Using_Function/TC_AllPageComponent: Test Cases/Orange_Website_Using_Function/TC_AllPageComponent

2019-01-04 01:59:10 - [TEST_STEP][PASSED] - pk_Functions.CS_Login.LoginFun(findTestObject(null), "https://opensource-demo.orangehrmlive.com/index.php/auth/login", findTestObject("Orange/Login/Username"), findTestObject("Orange/Login/Password"), "Admin", "admin123", findTestObject("Orange/Login/Login")): pk_Functions.CS_Login.LoginFun is PASSED

2019-01-04 01:59:10 - [MESSAGE][WARNING] - Test object id is null

2019-01-04 01:59:11 - [MESSAGE][INFO] - Starting 'Chrome' driver

2019-01-04 01:59:11 - [MESSAGE][INFO] - Action delay is set to 0 seconds

2019-01-04 01:59:18 - [MESSAGE][PASSED] - Browser is opened with url: 'https://opensource-demo.orangehrmlive.com/index.php/auth/login'

2019-01-04 01:59:18 - [MESSAGE][PASSED] - Text 'Admin' is set on object 'Object Repository/Orange/Login/Username'

2019-01-04 01:59:18 - [MESSAGE][PASSED] - Text 'admin123' is set on object 'Object Repository/Orange/Login/Password'

2019-01-04 01:59:20 - [MESSAGE][PASSED] - Object: 'Object Repository/Orange/Login/Login' is clicked on

2019-01-04 01:59:20 - [MESSAGE][PASSED] - pk_Functions.CS_Login.LoginFun is PASSED

2019-01-04 01:59:20 - [TEST_STEP][PASSED] - click(findTestObject("Orange/Navigation/MNUITM_Recruitment")): Object: 'Object Repository/Orange/Navigation/MNUITM_Recruitment' is clicked on

2019-01-04 01:59:22 - [MESSAGE][PASSED] - Object: 'Object Repository/Orange/Navigation/MNUITM_Recruitment' is clicked on

2019-01-04 01:59:22 - [TEST_STEP][PASSED] - pk_Functions.CS_TextLov.TextLovFun("TestKeywords/AllObjectComponent", "Sheet1", [CandidateName, JobTitle, WelcomeAdmin]): pk_Functions.CS_TextLov.TextLovFun is PASSED

2019-01-04 01:59:23 - [MESSAGE][PASSED] - Text 'asmaa' is set on object ''

2019-01-04 01:59:24 - [MESSAGE][PASSED] - All options with label 'Account Clerk' are selected in object '' 

2019-01-04 01:59:28 - [MESSAGE][PASSED] - Delayed 4 second(s)

2019-01-04 01:59:28 - [MESSAGE][PASSED] - pk_Functions.CS_TextLov.TextLovFun is PASSED]]></system-out>
         <system-err><![CDATA[]]></system-err>
      </testcase>
      <system-out><![CDATA[2019-01-04 01:59:09 - [TEST_SUITE][PASSED] - TS_OrangeWebUsingKeywords: Test Cases/Orange_Website_Using_Function/TC_AllPageComponent]]></system-out>
      <system-err><![CDATA[]]></system-err>
   </testsuite>
</testsuites>
