<?xml version="1.0" encoding="UTF-8"?>
<testsuites name="TS_Orange_JobTitles" time="16" tests="2" failures="0" errors="0">
   <testsuite name="TS_Orange_JobTitles" tests="2" failures="0" errors="0" time="16" timestamp="2019-01-06 14:42:20" hostname="Ebtehal Gamal Yusuf - LPALXY0199.ejadaalex.local" id="Test Suites/TS_Orange_JobTitles">
      <properties>
         <property name="deviceName" value=""/>
         <property name="devicePlatform" value=""/>
         <property name="logFolder" value="C:\\Users\\Administrator\\git\\Training_1\\Reports\\TS_Orange_JobTitles\\20190106_144218"/>
         <property name="logFiles" value="C:\\Users\\Administrator\\git\\Training_1\\Reports\\TS_Orange_JobTitles\\20190106_144218\\execution0.log"/>
         <property name="attachments" value=""/>
         <property name="hostName" value="Ebtehal Gamal Yusuf - LPALXY0199.ejadaalex.local"/>
         <property name="os" value="Windows 7 64bit"/>
         <property name="katalonVersion" value="5.10.0.1"/>
         <property name="browser" value="Chrome 71.0.3578.98"/>
         <property name="hostAddress" value="192.168.3.51"/>
         <property name="sessionId" value="e99f0f527dd5993d61dfa8a491d5b1b1"/>
         <property name="seleniumVersion" value="3.7.1"/>
         <property name="proxyInformation" value="ProxyInformation{proxyOption=NO_PROXY, proxyServerType=HTTP, password=, proxyServerAddress=, proxyServerPort=0}"/>
         <property name="platform" value="Windows 7"/>
      </properties>
      <testcase name="Test Cases/Orange_Website/Login Screen" classname="Test Cases/Orange_Website/Login Screen" status="PASSED">
         <system-out><![CDATA[2019-01-06 14:42:21 - [TEST_CASE][PASSED] - Test Cases/Orange_Website/Login Screen: Test Cases/Orange_Website/Login Screen

2019-01-06 14:42:21 - [TEST_STEP][PASSED] - openBrowser("https://opensource-demo.orangehrmlive.com/index.php/auth/login"): Browser is opened with url: 'https://opensource-demo.orangehrmlive.com/index.php/auth/login'

2019-01-06 14:42:22 - [MESSAGE][INFO] - Starting 'Chrome' driver

2019-01-06 14:42:22 - [MESSAGE][INFO] - Action delay is set to 0 seconds

2019-01-06 14:42:29 - [MESSAGE][PASSED] - Browser is opened with url: 'https://opensource-demo.orangehrmlive.com/index.php/auth/login'

2019-01-06 14:42:29 - [TEST_STEP][PASSED] - setText(findTestObject("Orange/Login/Username"), "Admin"): Text 'Admin' is set on object 'Object Repository/Orange/Login/Username'

2019-01-06 14:42:30 - [MESSAGE][PASSED] - Text 'Admin' is set on object 'Object Repository/Orange/Login/Username'

2019-01-06 14:42:30 - [TEST_STEP][PASSED] - setText(findTestObject("Orange/Login/Password"), "admin123"): Text 'admin123' is set on object 'Object Repository/Orange/Login/Password'

2019-01-06 14:42:30 - [MESSAGE][PASSED] - Text 'admin123' is set on object 'Object Repository/Orange/Login/Password'

2019-01-06 14:42:30 - [TEST_STEP][PASSED] - click(findTestObject("Orange/Login/Login")): Object: 'Object Repository/Orange/Login/Login' is clicked on

2019-01-06 14:42:32 - [MESSAGE][PASSED] - Object: 'Object Repository/Orange/Login/Login' is clicked on]]></system-out>
         <system-err><![CDATA[]]></system-err>
      </testcase>
      <testcase name="Test Cases/Orange_Website/JobTitles_Screen2" classname="Test Cases/Orange_Website/JobTitles_Screen2" status="PASSED">
         <system-out><![CDATA[2019-01-06 14:42:32 - [TEST_CASE][PASSED] - Test Cases/Orange_Website/JobTitles_Screen2: Test Cases/Orange_Website/JobTitles_Screen2

2019-01-06 14:42:33 - [TEST_STEP][PASSED] - click(findTestObject("Orange/Navigation/MNULST_Admin")): Object: 'Object Repository/Orange/Navigation/MNULST_Admin' is clicked on

2019-01-06 14:42:34 - [MESSAGE][PASSED] - Object: 'Object Repository/Orange/Navigation/MNULST_Admin' is clicked on

2019-01-06 14:42:34 - [TEST_STEP][PASSED] - click(findTestObject("Orange/Navigation/MNUITM_Job")): Object: 'Object Repository/Orange/Navigation/MNUITM_Job' is clicked on

2019-01-06 14:42:34 - [MESSAGE][PASSED] - Object: 'Object Repository/Orange/Navigation/MNUITM_Job' is clicked on

2019-01-06 14:42:34 - [TEST_STEP][PASSED] - click(findTestObject("Orange/Navigation/MNUITM_JobTitles")): Object: 'Object Repository/Orange/Navigation/MNUITM_JobTitles' is clicked on

2019-01-06 14:42:35 - [MESSAGE][PASSED] - Object: 'Object Repository/Orange/Navigation/MNUITM_JobTitles' is clicked on

2019-01-06 14:42:35 - [TEST_STEP][PASSED] - ExpectedValue = "Sales Executive": null

2019-01-06 14:42:35 - [TEST_STEP][PASSED] - ndriver = getWebDriver(): null

2019-01-06 14:42:35 - [TEST_STEP][PASSED] - Table = ndriver.findElement(By.id("resultTable")): null

2019-01-06 14:42:35 - [TEST_STEP][PASSED] - Rows = Table.findElements(By.tagName("tr")): null

2019-01-06 14:42:35 - [TEST_STEP][PASSED] - println("No. of rows: " + Rows.size()): null

2019-01-06 14:42:35 - [TEST_STEP][PASSED] - "Find a matching text in a table and performing action": null

2019-01-06 14:42:35 - [TEST_STEP][PASSED] - for ([i = 0, i < Rows.size(), (i++)]): null

2019-01-06 14:42:35 - [TEST_STEP][PASSED] - if (get(i).findElements(By.tagName("th"))): null

2019-01-06 14:42:35 - [TEST_STEP][PASSED] - Cols = get(i).findElements(By.tagName("th")): null

2019-01-06 14:42:35 - [TEST_STEP][PASSED] - if (get(i).findElements(By.tagName("th"))): null

2019-01-06 14:42:35 - [TEST_STEP][PASSED] - else if (get(i).findElements(By.tagName("td"))): null

2019-01-06 14:42:35 - [TEST_STEP][PASSED] - Cols = get(i).findElements(By.tagName("td")): null

2019-01-06 14:42:35 - [TEST_STEP][PASSED] - println("No. of colns: " + Cols.size()): null

2019-01-06 14:42:35 - [TEST_STEP][PASSED] - if (getText().equalsIgnoreCase(ExpectedValue)): null

2019-01-06 14:42:35 - [TEST_STEP][PASSED] - if (get(i).findElements(By.tagName("th"))): null

2019-01-06 14:42:35 - [TEST_STEP][PASSED] - else if (get(i).findElements(By.tagName("td"))): null

2019-01-06 14:42:35 - [TEST_STEP][PASSED] - Cols = get(i).findElements(By.tagName("td")): null

2019-01-06 14:42:35 - [TEST_STEP][PASSED] - println("No. of colns: " + Cols.size()): null

2019-01-06 14:42:35 - [TEST_STEP][PASSED] - if (getText().equalsIgnoreCase(ExpectedValue)): null

2019-01-06 14:42:35 - [TEST_STEP][PASSED] - if (get(i).findElements(By.tagName("th"))): null

2019-01-06 14:42:35 - [TEST_STEP][PASSED] - else if (get(i).findElements(By.tagName("td"))): null

2019-01-06 14:42:35 - [TEST_STEP][PASSED] - Cols = get(i).findElements(By.tagName("td")): null

2019-01-06 14:42:35 - [TEST_STEP][PASSED] - println("No. of colns: " + Cols.size()): null

2019-01-06 14:42:35 - [TEST_STEP][PASSED] - if (getText().equalsIgnoreCase(ExpectedValue)): null

2019-01-06 14:42:35 - [TEST_STEP][PASSED] - if (get(i).findElements(By.tagName("th"))): null

2019-01-06 14:42:35 - [TEST_STEP][PASSED] - else if (get(i).findElements(By.tagName("td"))): null

2019-01-06 14:42:35 - [TEST_STEP][PASSED] - Cols = get(i).findElements(By.tagName("td")): null

2019-01-06 14:42:35 - [TEST_STEP][PASSED] - println("No. of colns: " + Cols.size()): null

2019-01-06 14:42:35 - [TEST_STEP][PASSED] - if (getText().equalsIgnoreCase(ExpectedValue)): null

2019-01-06 14:42:35 - [TEST_STEP][PASSED] - if (get(i).findElements(By.tagName("th"))): null

2019-01-06 14:42:36 - [TEST_STEP][PASSED] - else if (get(i).findElements(By.tagName("td"))): null

2019-01-06 14:42:36 - [TEST_STEP][PASSED] - Cols = get(i).findElements(By.tagName("td")): null

2019-01-06 14:42:36 - [TEST_STEP][PASSED] - println("No. of colns: " + Cols.size()): null

2019-01-06 14:42:36 - [TEST_STEP][PASSED] - if (getText().equalsIgnoreCase(ExpectedValue)): null

2019-01-06 14:42:36 - [TEST_STEP][PASSED] - if (get(i).findElements(By.tagName("th"))): null

2019-01-06 14:42:36 - [TEST_STEP][PASSED] - else if (get(i).findElements(By.tagName("td"))): null

2019-01-06 14:42:36 - [TEST_STEP][PASSED] - Cols = get(i).findElements(By.tagName("td")): null

2019-01-06 14:42:36 - [TEST_STEP][PASSED] - println("No. of colns: " + Cols.size()): null

2019-01-06 14:42:36 - [TEST_STEP][PASSED] - if (getText().equalsIgnoreCase(ExpectedValue)): null

2019-01-06 14:42:36 - [TEST_STEP][PASSED] - if (get(i).findElements(By.tagName("th"))): null

2019-01-06 14:42:36 - [TEST_STEP][PASSED] - else if (get(i).findElements(By.tagName("td"))): null

2019-01-06 14:42:36 - [TEST_STEP][PASSED] - Cols = get(i).findElements(By.tagName("td")): null

2019-01-06 14:42:36 - [TEST_STEP][PASSED] - println("No. of colns: " + Cols.size()): null

2019-01-06 14:42:36 - [TEST_STEP][PASSED] - if (getText().equalsIgnoreCase(ExpectedValue)): null

2019-01-06 14:42:36 - [TEST_STEP][PASSED] - if (get(i).findElements(By.tagName("th"))): null

2019-01-06 14:42:36 - [TEST_STEP][PASSED] - else if (get(i).findElements(By.tagName("td"))): null

2019-01-06 14:42:36 - [TEST_STEP][PASSED] - Cols = get(i).findElements(By.tagName("td")): null

2019-01-06 14:42:36 - [TEST_STEP][PASSED] - println("No. of colns: " + Cols.size()): null

2019-01-06 14:42:36 - [TEST_STEP][PASSED] - if (getText().equalsIgnoreCase(ExpectedValue)): null

2019-01-06 14:42:36 - [TEST_STEP][PASSED] - tagName("a")).click(): null

2019-01-06 14:42:37 - [TEST_STEP][PASSED] - break: null]]></system-out>
         <system-err><![CDATA[]]></system-err>
      </testcase>
      <system-out><![CDATA[2019-01-06 14:42:20 - [TEST_SUITE][PASSED] - TS_Orange_JobTitles: Test Cases/Orange_Website/JobTitles_Screen2]]></system-out>
      <system-err><![CDATA[]]></system-err>
   </testsuite>
</testsuites>
