<?xml version="1.0" encoding="UTF-8"?>
<testsuites name="TS_Orange_JobTitles" time="20" tests="2" failures="0" errors="0">
   <testsuite name="TS_Orange_JobTitles" tests="2" failures="0" errors="0" time="20" timestamp="2019-01-02 16:53:47" hostname="Ebtehal Gamal Yusuf - LPALXY0199.ejadaalex.local" id="Test Suites/TS_Orange_JobTitles">
      <properties>
         <property name="deviceName" value=""/>
         <property name="devicePlatform" value=""/>
         <property name="logFolder" value="C:\\Users\\Administrator\\git\\Training_1\\Reports\\TS_Orange_JobTitles\\20190102_165343"/>
         <property name="logFiles" value="C:\\Users\\Administrator\\git\\Training_1\\Reports\\TS_Orange_JobTitles\\20190102_165343\\execution0.log"/>
         <property name="attachments" value=""/>
         <property name="hostName" value="Ebtehal Gamal Yusuf - LPALXY0199.ejadaalex.local"/>
         <property name="os" value="Windows 7 64bit"/>
         <property name="katalonVersion" value="5.10.0.1"/>
         <property name="browser" value="Chrome 71.0.3578.98"/>
         <property name="hostAddress" value="192.168.3.51"/>
         <property name="sessionId" value="047d228c3a09dca48cbb66d72d0dd312"/>
         <property name="seleniumVersion" value="3.7.1"/>
         <property name="proxyInformation" value="ProxyInformation{proxyOption=NO_PROXY, proxyServerType=HTTP, password=, proxyServerAddress=, proxyServerPort=0}"/>
         <property name="platform" value="Windows 7"/>
      </properties>
      <testcase name="Test Cases/Orange_Website/Login Screen" classname="Test Cases/Orange_Website/Login Screen" status="PASSED">
         <system-out><![CDATA[2019-01-02 16:53:47 - [TEST_CASE][PASSED] - Test Cases/Orange_Website/Login Screen: Test Cases/Orange_Website/Login Screen

2019-01-02 16:53:48 - [TEST_STEP][PASSED] - openBrowser("https://opensource-demo.orangehrmlive.com/index.php/auth/login"): Browser is opened with url: 'https://opensource-demo.orangehrmlive.com/index.php/auth/login'

2019-01-02 16:53:48 - [MESSAGE][INFO] - Starting 'Chrome' driver

2019-01-02 16:53:48 - [MESSAGE][INFO] - Action delay is set to 0 seconds

2019-01-02 16:53:56 - [MESSAGE][PASSED] - Browser is opened with url: 'https://opensource-demo.orangehrmlive.com/index.php/auth/login'

2019-01-02 16:53:56 - [TEST_STEP][PASSED] - setText(findTestObject("Orange/Login/Username"), "Admin"): Text 'Admin' is set on object 'Object Repository/Orange/Login/Username'

2019-01-02 16:53:56 - [MESSAGE][PASSED] - Text 'Admin' is set on object 'Object Repository/Orange/Login/Username'

2019-01-02 16:53:56 - [TEST_STEP][PASSED] - setText(findTestObject("Orange/Login/Password"), "admin123"): Text 'admin123' is set on object 'Object Repository/Orange/Login/Password'

2019-01-02 16:53:56 - [MESSAGE][PASSED] - Text 'admin123' is set on object 'Object Repository/Orange/Login/Password'

2019-01-02 16:53:56 - [TEST_STEP][PASSED] - click(findTestObject("Orange/Login/Login")): Object: 'Object Repository/Orange/Login/Login' is clicked on

2019-01-02 16:53:58 - [MESSAGE][PASSED] - Object: 'Object Repository/Orange/Login/Login' is clicked on]]></system-out>
         <system-err><![CDATA[]]></system-err>
      </testcase>
      <testcase name="Test Cases/Orange_Website/JobTitles_Screen" classname="Test Cases/Orange_Website/JobTitles_Screen" status="PASSED">
         <system-out><![CDATA[2019-01-02 16:53:58 - [TEST_CASE][PASSED] - Test Cases/Orange_Website/JobTitles_Screen: Test Cases/Orange_Website/JobTitles_Screen

2019-01-02 16:53:59 - [TEST_STEP][PASSED] - click(findTestObject("Orange/Navigation/MNULST_Admin")): Object: 'Object Repository/Orange/Navigation/MNULST_Admin' is clicked on

2019-01-02 16:54:02 - [MESSAGE][PASSED] - Object: 'Object Repository/Orange/Navigation/MNULST_Admin' is clicked on

2019-01-02 16:54:02 - [TEST_STEP][PASSED] - click(findTestObject("Orange/Navigation/MNUITM_Job")): Object: 'Object Repository/Orange/Navigation/MNUITM_Job' is clicked on

2019-01-02 16:54:02 - [MESSAGE][PASSED] - Object: 'Object Repository/Orange/Navigation/MNUITM_Job' is clicked on

2019-01-02 16:54:02 - [TEST_STEP][PASSED] - click(findTestObject("Orange/Navigation/MNUITM_JobTitles")): Object: 'Object Repository/Orange/Navigation/MNUITM_JobTitles' is clicked on

2019-01-02 16:54:03 - [MESSAGE][PASSED] - Object: 'Object Repository/Orange/Navigation/MNUITM_JobTitles' is clicked on

2019-01-02 16:54:03 - [TEST_STEP][NOT_RUN] - click(findTestObject("Orange/JobTitles/BTN_Add")): NOT_RUN: click(findTestObject("Orange/JobTitles/BTN_Add"))

2019-01-02 16:54:03 - [MESSAGE][NOT_RUN] - NOT_RUN: click(findTestObject("Orange/JobTitles/BTN_Add"))

2019-01-02 16:54:03 - [TEST_STEP][NOT_RUN] - pk_Functions.CS_AllPageData.AllPageDataFun("Orange_JobTitles_ObjectRepository", "Sheet1", [jobtitles, jobdescription, notes]): NOT_RUN: pk_Functions.CS_AllPageData.AllPageDataFun("Orange_JobTitles_ObjectRepository", "Sheet1", [jobtitles, jobdescription, notes])

2019-01-02 16:54:03 - [MESSAGE][NOT_RUN] - NOT_RUN: pk_Functions.CS_AllPageData.AllPageDataFun("Orange_JobTitles_ObjectRepository", "Sheet1", [jobtitles, jobdescription, notes])

2019-01-02 16:54:03 - [TEST_STEP][PASSED] - delay(1): Delayed 1 second(s)

2019-01-02 16:54:04 - [MESSAGE][PASSED] - Delayed 1 second(s)

2019-01-02 16:54:04 - [TEST_STEP][NOT_RUN] - tools.uploadFiles.uploadFile(findTestObject("Orange/JobTitles/BTN_ChooseFile"), ""D:\Ebtehal_QC\Extras\logo.jpg""): NOT_RUN: tools.uploadFiles.uploadFile(findTestObject("Orange/JobTitles/BTN_ChooseFile"), ""D:\Ebtehal_QC\Extras\logo.jpg"")

2019-01-02 16:54:04 - [MESSAGE][NOT_RUN] - NOT_RUN: tools.uploadFiles.uploadFile(findTestObject("Orange/JobTitles/BTN_ChooseFile"), ""D:\Ebtehal_QC\Extras\logo.jpg"")

2019-01-02 16:54:04 - [TEST_STEP][NOT_RUN] - Thread.sleep(2000): NOT_RUN: Thread.sleep(2000)

2019-01-02 16:54:04 - [MESSAGE][NOT_RUN] - NOT_RUN: Thread.sleep(2000)

2019-01-02 16:54:04 - [TEST_STEP][NOT_RUN] - click(findTestObject("Orange/JobTitles/BTN_Save")): NOT_RUN: click(findTestObject("Orange/JobTitles/BTN_Save"))

2019-01-02 16:54:04 - [MESSAGE][NOT_RUN] - NOT_RUN: click(findTestObject("Orange/JobTitles/BTN_Save"))

2019-01-02 16:54:04 - [TEST_STEP][NOT_RUN] - delay(1): NOT_RUN: delay(1)

2019-01-02 16:54:04 - [MESSAGE][NOT_RUN] - NOT_RUN: delay(1)

2019-01-02 16:54:04 - [TEST_STEP][NOT_RUN] - verifyElementPresent(findTestObject("Orange/JobTitles/MSG_SuccessValidationMessage"), 0): NOT_RUN: verifyElementPresent(findTestObject("Orange/JobTitles/MSG_SuccessValidationMessage"), 0)

2019-01-02 16:54:04 - [MESSAGE][NOT_RUN] - NOT_RUN: verifyElementPresent(findTestObject("Orange/JobTitles/MSG_SuccessValidationMessage"), 0)

2019-01-02 16:54:04 - [TEST_STEP][PASSED] - driver = getWebDriver(): null

2019-01-02 16:54:04 - [TEST_STEP][PASSED] - ExpectedValue = "Qc Engineer12": null

2019-01-02 16:54:04 - [TEST_STEP][PASSED] - Table = driver.findElement(By.id("resultTable")): null

2019-01-02 16:54:04 - [TEST_STEP][PASSED] - rows_table = Table.findElements(By.tagName("tr")): null

2019-01-02 16:54:04 - [TEST_STEP][PASSED] - rows_count = rows_table.size(): null

2019-01-02 16:54:04 - [TEST_STEP][PASSED] - for ([row = 0, row < rows_count, (row++)]): null

2019-01-02 16:54:04 - [TEST_STEP][PASSED] - Columns_row = get(row).findElements(By.tagName("td")): null

2019-01-02 16:54:04 - [TEST_STEP][PASSED] - columns_count = Columns_row.size(): null

2019-01-02 16:54:04 - [TEST_STEP][PASSED] - for ([column = 0, column < columns_count, (column++)]): null

2019-01-02 16:54:04 - [TEST_STEP][PASSED] - Columns_row = get(row).findElements(By.tagName("td")): null

2019-01-02 16:54:04 - [TEST_STEP][PASSED] - columns_count = Columns_row.size(): null

2019-01-02 16:54:04 - [TEST_STEP][PASSED] - for ([column = 0, column < columns_count, (column++)]): null

2019-01-02 16:54:04 - [TEST_STEP][PASSED] - celltext = get(column).getText(): null

2019-01-02 16:54:04 - [TEST_STEP][PASSED] - if (celltext == ExpectedValue): null

2019-01-02 16:54:04 - [TEST_STEP][PASSED] - celltext = get(column).getText(): null

2019-01-02 16:54:04 - [TEST_STEP][PASSED] - if (celltext == ExpectedValue): null

2019-01-02 16:54:04 - [TEST_STEP][PASSED] - celltext = get(column).getText(): null

2019-01-02 16:54:04 - [TEST_STEP][PASSED] - if (celltext == ExpectedValue): null

2019-01-02 16:54:04 - [TEST_STEP][PASSED] - Columns_row = get(row).findElements(By.tagName("td")): null

2019-01-02 16:54:04 - [TEST_STEP][PASSED] - columns_count = Columns_row.size(): null

2019-01-02 16:54:04 - [TEST_STEP][PASSED] - for ([column = 0, column < columns_count, (column++)]): null

2019-01-02 16:54:04 - [TEST_STEP][PASSED] - celltext = get(column).getText(): null

2019-01-02 16:54:04 - [TEST_STEP][PASSED] - if (celltext == ExpectedValue): null

2019-01-02 16:54:04 - [TEST_STEP][PASSED] - celltext = get(column).getText(): null

2019-01-02 16:54:05 - [TEST_STEP][PASSED] - if (celltext == ExpectedValue): null

2019-01-02 16:54:05 - [TEST_STEP][PASSED] - celltext = get(column).getText(): null

2019-01-02 16:54:05 - [TEST_STEP][PASSED] - if (celltext == ExpectedValue): null

2019-01-02 16:54:05 - [TEST_STEP][PASSED] - Columns_row = get(row).findElements(By.tagName("td")): null

2019-01-02 16:54:05 - [TEST_STEP][PASSED] - columns_count = Columns_row.size(): null

2019-01-02 16:54:05 - [TEST_STEP][PASSED] - for ([column = 0, column < columns_count, (column++)]): null

2019-01-02 16:54:05 - [TEST_STEP][PASSED] - celltext = get(column).getText(): null

2019-01-02 16:54:05 - [TEST_STEP][PASSED] - if (celltext == ExpectedValue): null

2019-01-02 16:54:05 - [TEST_STEP][PASSED] - celltext = get(column).getText(): null

2019-01-02 16:54:05 - [TEST_STEP][PASSED] - if (celltext == ExpectedValue): null

2019-01-02 16:54:05 - [TEST_STEP][PASSED] - celltext = get(column).getText(): null

2019-01-02 16:54:05 - [TEST_STEP][PASSED] - if (celltext == ExpectedValue): null

2019-01-02 16:54:05 - [TEST_STEP][PASSED] - Columns_row = get(row).findElements(By.tagName("td")): null

2019-01-02 16:54:05 - [TEST_STEP][PASSED] - columns_count = Columns_row.size(): null

2019-01-02 16:54:05 - [TEST_STEP][PASSED] - for ([column = 0, column < columns_count, (column++)]): null

2019-01-02 16:54:05 - [TEST_STEP][PASSED] - celltext = get(column).getText(): null

2019-01-02 16:54:05 - [TEST_STEP][PASSED] - if (celltext == ExpectedValue): null

2019-01-02 16:54:05 - [TEST_STEP][PASSED] - celltext = get(column).getText(): null

2019-01-02 16:54:05 - [TEST_STEP][PASSED] - if (celltext == ExpectedValue): null

2019-01-02 16:54:05 - [TEST_STEP][PASSED] - celltext = get(column).getText(): null

2019-01-02 16:54:05 - [TEST_STEP][PASSED] - if (celltext == ExpectedValue): null

2019-01-02 16:54:05 - [TEST_STEP][PASSED] - Columns_row = get(row).findElements(By.tagName("td")): null

2019-01-02 16:54:05 - [TEST_STEP][PASSED] - columns_count = Columns_row.size(): null

2019-01-02 16:54:05 - [TEST_STEP][PASSED] - for ([column = 0, column < columns_count, (column++)]): null

2019-01-02 16:54:05 - [TEST_STEP][PASSED] - celltext = get(column).getText(): null

2019-01-02 16:54:05 - [TEST_STEP][PASSED] - if (celltext == ExpectedValue): null

2019-01-02 16:54:05 - [TEST_STEP][PASSED] - celltext = get(column).getText(): null

2019-01-02 16:54:05 - [TEST_STEP][PASSED] - if (celltext == ExpectedValue): null

2019-01-02 16:54:05 - [TEST_STEP][PASSED] - celltext = get(column).getText(): null

2019-01-02 16:54:05 - [TEST_STEP][PASSED] - if (celltext == ExpectedValue): null

2019-01-02 16:54:05 - [TEST_STEP][PASSED] - Columns_row = get(row).findElements(By.tagName("td")): null

2019-01-02 16:54:05 - [TEST_STEP][PASSED] - columns_count = Columns_row.size(): null

2019-01-02 16:54:05 - [TEST_STEP][PASSED] - for ([column = 0, column < columns_count, (column++)]): null

2019-01-02 16:54:05 - [TEST_STEP][PASSED] - celltext = get(column).getText(): null

2019-01-02 16:54:05 - [TEST_STEP][PASSED] - if (celltext == ExpectedValue): null

2019-01-02 16:54:05 - [TEST_STEP][PASSED] - celltext = get(column).getText(): null

2019-01-02 16:54:05 - [TEST_STEP][PASSED] - if (celltext == ExpectedValue): null

2019-01-02 16:54:05 - [TEST_STEP][PASSED] - celltext = get(column).getText(): null

2019-01-02 16:54:05 - [TEST_STEP][PASSED] - if (celltext == ExpectedValue): null

2019-01-02 16:54:05 - [TEST_STEP][PASSED] - Columns_row = get(row).findElements(By.tagName("td")): null

2019-01-02 16:54:05 - [TEST_STEP][PASSED] - columns_count = Columns_row.size(): null

2019-01-02 16:54:05 - [TEST_STEP][PASSED] - for ([column = 0, column < columns_count, (column++)]): null

2019-01-02 16:54:05 - [TEST_STEP][PASSED] - celltext = get(column).getText(): null

2019-01-02 16:54:05 - [TEST_STEP][PASSED] - if (celltext == ExpectedValue): null

2019-01-02 16:54:05 - [TEST_STEP][PASSED] - celltext = get(column).getText(): null

2019-01-02 16:54:05 - [TEST_STEP][PASSED] - if (celltext == ExpectedValue): null

2019-01-02 16:54:05 - [TEST_STEP][PASSED] - celltext = get(column).getText(): null

2019-01-02 16:54:05 - [TEST_STEP][PASSED] - if (celltext == ExpectedValue): null

2019-01-02 16:54:05 - [TEST_STEP][PASSED] - Columns_row = get(row).findElements(By.tagName("td")): null

2019-01-02 16:54:05 - [TEST_STEP][PASSED] - columns_count = Columns_row.size(): null

2019-01-02 16:54:05 - [TEST_STEP][PASSED] - for ([column = 0, column < columns_count, (column++)]): null

2019-01-02 16:54:05 - [TEST_STEP][PASSED] - celltext = get(column).getText(): null

2019-01-02 16:54:05 - [TEST_STEP][PASSED] - if (celltext == ExpectedValue): null

2019-01-02 16:54:05 - [TEST_STEP][PASSED] - celltext = get(column).getText(): null

2019-01-02 16:54:05 - [TEST_STEP][PASSED] - if (celltext == ExpectedValue): null

2019-01-02 16:54:05 - [TEST_STEP][PASSED] - celltext = get(column).getText(): null

2019-01-02 16:54:05 - [TEST_STEP][PASSED] - if (celltext == ExpectedValue): null

2019-01-02 16:54:05 - [TEST_STEP][PASSED] - Columns_row = get(row).findElements(By.tagName("td")): null

2019-01-02 16:54:05 - [TEST_STEP][PASSED] - columns_count = Columns_row.size(): null

2019-01-02 16:54:05 - [TEST_STEP][PASSED] - for ([column = 0, column < columns_count, (column++)]): null

2019-01-02 16:54:05 - [TEST_STEP][PASSED] - celltext = get(column).getText(): null

2019-01-02 16:54:05 - [TEST_STEP][PASSED] - if (celltext == ExpectedValue): null

2019-01-02 16:54:06 - [TEST_STEP][PASSED] - celltext = get(column).getText(): null

2019-01-02 16:54:06 - [TEST_STEP][PASSED] - if (celltext == ExpectedValue): null

2019-01-02 16:54:06 - [TEST_STEP][PASSED] - println("Text present in row number 3 is: " + get(2).getText()): null

2019-01-02 16:54:06 - [TEST_STEP][PASSED] - break: null

2019-01-02 16:54:06 - [TEST_STEP][PASSED] - Columns_row = get(row).findElements(By.tagName("td")): null

2019-01-02 16:54:06 - [TEST_STEP][PASSED] - columns_count = Columns_row.size(): null

2019-01-02 16:54:06 - [TEST_STEP][PASSED] - for ([column = 0, column < columns_count, (column++)]): null

2019-01-02 16:54:06 - [TEST_STEP][PASSED] - celltext = get(column).getText(): null

2019-01-02 16:54:06 - [TEST_STEP][PASSED] - if (celltext == ExpectedValue): null

2019-01-02 16:54:06 - [TEST_STEP][PASSED] - celltext = get(column).getText(): null

2019-01-02 16:54:06 - [TEST_STEP][PASSED] - if (celltext == ExpectedValue): null

2019-01-02 16:54:06 - [TEST_STEP][PASSED] - celltext = get(column).getText(): null

2019-01-02 16:54:06 - [TEST_STEP][PASSED] - if (celltext == ExpectedValue): null

2019-01-02 16:54:06 - [TEST_STEP][PASSED] - Columns_row = get(row).findElements(By.tagName("td")): null

2019-01-02 16:54:06 - [TEST_STEP][PASSED] - columns_count = Columns_row.size(): null

2019-01-02 16:54:06 - [TEST_STEP][PASSED] - for ([column = 0, column < columns_count, (column++)]): null

2019-01-02 16:54:06 - [TEST_STEP][PASSED] - celltext = get(column).getText(): null

2019-01-02 16:54:06 - [TEST_STEP][PASSED] - if (celltext == ExpectedValue): null

2019-01-02 16:54:06 - [TEST_STEP][PASSED] - celltext = get(column).getText(): null

2019-01-02 16:54:06 - [TEST_STEP][PASSED] - if (celltext == ExpectedValue): null

2019-01-02 16:54:06 - [TEST_STEP][PASSED] - celltext = get(column).getText(): null

2019-01-02 16:54:06 - [TEST_STEP][PASSED] - if (celltext == ExpectedValue): null]]></system-out>
         <system-err><![CDATA[]]></system-err>
      </testcase>
      <system-out><![CDATA[2019-01-02 16:53:47 - [TEST_SUITE][PASSED] - TS_Orange_JobTitles: Test Cases/Orange_Website/JobTitles_Screen]]></system-out>
      <system-err><![CDATA[]]></system-err>
   </testsuite>
</testsuites>
