<?xml version="1.0" encoding="UTF-8"?>
<testsuites name="TS_OrangeWebUsingKeywords" time="40" tests="2" failures="0" errors="0">
   <testsuite name="TS_OrangeWebUsingKeywords" tests="2" failures="0" errors="0" time="40" timestamp="2019-01-08 13:52:57" hostname="aeibrahim - LPALXY0477.ejadaalex.local" id="Test Suites/TS_OrangeWebUsingKeywords">
      <properties>
         <property name="deviceName" value=""/>
         <property name="devicePlatform" value=""/>
         <property name="logFolder" value="C:\\Users\\aeibrahim\\git\\Training_1\\Reports\\TS_OrangeWebUsingKeywords\\20190108_135255"/>
         <property name="logFiles" value="C:\\Users\\aeibrahim\\git\\Training_1\\Reports\\TS_OrangeWebUsingKeywords\\20190108_135255\\execution0.log"/>
         <property name="attachments" value=""/>
         <property name="hostName" value="aeibrahim - LPALXY0477.ejadaalex.local"/>
         <property name="os" value="Windows 10 64bit"/>
         <property name="katalonVersion" value="5.8.6.1"/>
         <property name="browser" value="Chrome 71.0.3578.98"/>
         <property name="hostAddress" value="192.168.3.64"/>
         <property name="sessionId" value="08c9f066dc92f8456c808dedb4d50c9e"/>
         <property name="seleniumVersion" value="3.7.1"/>
         <property name="proxyInformation" value="ProxyInformation{proxyOption=NO_PROXY, proxyServerType=HTTP, password=, proxyServerAddress=, proxyServerPort=0}"/>
         <property name="platform" value="Windows 10"/>
      </properties>
      <testcase name="Test Cases/Orange_Website_Using_Function/TC_AllPageComponent" classname="Test Cases/Orange_Website_Using_Function/TC_AllPageComponent" status="PASSED">
         <system-out><![CDATA[2019-01-08 13:52:58 - [TEST_CASE][PASSED] - Test Cases/Orange_Website_Using_Function/TC_AllPageComponent: Test Cases/Orange_Website_Using_Function/TC_AllPageComponent

2019-01-08 13:52:58 - [TEST_STEP][PASSED] - pk_Functions.CS_Login.LoginFun: pk_Functions.CS_Login.LoginFun is PASSED

2019-01-08 13:52:58 - [MESSAGE][WARNING] - Test object id is null

2019-01-08 13:53:05 - [MESSAGE][PASSED] - Browser is opened with url: 'https://opensource-demo.orangehrmlive.com/index.php/auth/login'

2019-01-08 13:53:05 - [MESSAGE][PASSED] - Text 'Admin' is set on object 'Object Repository/Orange/Login/Username'

2019-01-08 13:53:05 - [MESSAGE][PASSED] - Text 'admin123' is set on object 'Object Repository/Orange/Login/Password'

2019-01-08 13:53:07 - [MESSAGE][PASSED] - Object: 'Object Repository/Orange/Login/Login' is clicked on

2019-01-08 13:53:07 - [MESSAGE][PASSED] - pk_Functions.CS_Login.LoginFun is PASSED

2019-01-08 13:53:07 - [TEST_STEP][PASSED] - click: Object: 'Object Repository/Orange/Navigation/MNUITM_Recruitment' is clicked on

2019-01-08 13:53:09 - [MESSAGE][PASSED] - Object: 'Object Repository/Orange/Navigation/MNUITM_Recruitment' is clicked on

2019-01-08 13:53:09 - [TEST_STEP][PASSED] - pk_Functions.CS_TextLov.TextLovFun: pk_Functions.CS_TextLov.TextLovFun is PASSED

2019-01-08 13:53:10 - [MESSAGE][PASSED] - Text 'airamadan' is set on object ''

2019-01-08 13:53:10 - [MESSAGE][PASSED] - All options with label 'Finance Manager' are selected in object '' 

2019-01-08 13:53:14 - [MESSAGE][PASSED] - Delayed 4 second(s)

2019-01-08 13:53:14 - [MESSAGE][PASSED] - pk_Functions.CS_TextLov.TextLovFun is PASSED

2019-01-08 13:53:14 - [TEST_STEP][PASSED] - delay: Delayed 5 second(s)

2019-01-08 13:53:19 - [MESSAGE][PASSED] - Delayed 5 second(s)]]></system-out>
         <system-err><![CDATA[]]></system-err>
      </testcase>
      <testcase name="Test Cases/Orange_Website_Using_Function/TC_AllPageComponent" classname="Test Cases/Orange_Website_Using_Function/TC_AllPageComponent" status="PASSED">
         <system-out><![CDATA[2019-01-08 13:53:19 - [TEST_CASE][PASSED] - Test Cases/Orange_Website_Using_Function/TC_AllPageComponent: Test Cases/Orange_Website_Using_Function/TC_AllPageComponent

2019-01-08 13:53:19 - [TEST_STEP][PASSED] - pk_Functions.CS_Login.LoginFun: pk_Functions.CS_Login.LoginFun is PASSED

2019-01-08 13:53:19 - [MESSAGE][WARNING] - Test object id is null

2019-01-08 13:53:19 - [MESSAGE][WARNING] - A browser is already opened. Closing browser and opening a new one

2019-01-08 13:53:25 - [MESSAGE][PASSED] - Browser is opened with url: 'https://opensource-demo.orangehrmlive.com/index.php/auth/login'

2019-01-08 13:53:25 - [MESSAGE][PASSED] - Text 'Admin' is set on object 'Object Repository/Orange/Login/Username'

2019-01-08 13:53:25 - [MESSAGE][PASSED] - Text 'admin123' is set on object 'Object Repository/Orange/Login/Password'

2019-01-08 13:53:26 - [MESSAGE][PASSED] - Object: 'Object Repository/Orange/Login/Login' is clicked on

2019-01-08 13:53:26 - [MESSAGE][PASSED] - pk_Functions.CS_Login.LoginFun is PASSED

2019-01-08 13:53:26 - [TEST_STEP][PASSED] - click: Object: 'Object Repository/Orange/Navigation/MNUITM_Recruitment' is clicked on

2019-01-08 13:53:28 - [MESSAGE][PASSED] - Object: 'Object Repository/Orange/Navigation/MNUITM_Recruitment' is clicked on

2019-01-08 13:53:28 - [TEST_STEP][PASSED] - pk_Functions.CS_TextLov.TextLovFun: pk_Functions.CS_TextLov.TextLovFun is PASSED

2019-01-08 13:53:29 - [MESSAGE][PASSED] - Text 'asmaa' is set on object ''

2019-01-08 13:53:29 - [MESSAGE][PASSED] - All options with label 'CEO' are selected in object '' 

2019-01-08 13:53:33 - [MESSAGE][PASSED] - Delayed 4 second(s)

2019-01-08 13:53:33 - [MESSAGE][PASSED] - pk_Functions.CS_TextLov.TextLovFun is PASSED

2019-01-08 13:53:33 - [TEST_STEP][PASSED] - delay: Delayed 5 second(s)

2019-01-08 13:53:38 - [MESSAGE][PASSED] - Delayed 5 second(s)]]></system-out>
         <system-err><![CDATA[]]></system-err>
      </testcase>
      <system-out><![CDATA[2019-01-08 13:52:57 - [TEST_SUITE][PASSED] - TS_OrangeWebUsingKeywords: Test Cases/Orange_Website_Using_Function/TC_AllPageComponent]]></system-out>
      <system-err><![CDATA[]]></system-err>
   </testsuite>
</testsuites>
