<?xml version="1.0" encoding="UTF-8"?>
<testsuites name="TS_OrangeWebUsingKeywords" time="56" tests="3" failures="0" errors="0">
   <testsuite name="TS_OrangeWebUsingKeywords" tests="3" failures="0" errors="0" time="56" timestamp="2019-01-13 15:06:37" hostname="aeibrahim - LPALXY0477.ejadaalex.local" id="Test Suites/TS_OrangeWebUsingKeywords">
      <properties>
         <property name="deviceName" value=""/>
         <property name="devicePlatform" value=""/>
         <property name="logFolder" value="C:\\Users\\aeibrahim\\git\\Training_1\\Reports\\TS_OrangeWebUsingKeywords\\20190113_150635"/>
         <property name="logFiles" value="C:\\Users\\aeibrahim\\git\\Training_1\\Reports\\TS_OrangeWebUsingKeywords\\20190113_150635\\execution0.log"/>
         <property name="attachments" value=""/>
         <property name="hostName" value="aeibrahim - LPALXY0477.ejadaalex.local"/>
         <property name="os" value="Windows 10 64bit"/>
         <property name="katalonVersion" value="5.8.6.1"/>
         <property name="browser" value="Chrome 71.0.3578.98"/>
         <property name="hostAddress" value="192.168.3.64"/>
         <property name="sessionId" value="170c1c7039a79d6ab10833b3e707797c"/>
         <property name="seleniumVersion" value="3.7.1"/>
         <property name="proxyInformation" value="ProxyInformation{proxyOption=NO_PROXY, proxyServerType=HTTP, password=, proxyServerAddress=, proxyServerPort=0}"/>
         <property name="platform" value="Windows 10"/>
      </properties>
      <testcase name="Test Cases/Orange_Website_Using_Function/TC_SettingLanguage" classname="Test Cases/Orange_Website_Using_Function/TC_SettingLanguage" status="PASSED">
         <system-out><![CDATA[2019-01-13 15:06:38 - [TEST_CASE][PASSED] - Test Cases/Orange_Website_Using_Function/TC_SettingLanguage: Test Cases/Orange_Website_Using_Function/TC_SettingLanguage

2019-01-13 15:06:38 - [TEST_STEP][PASSED] - pk_Functions.CS_Login.LoginFun: pk_Functions.CS_Login.LoginFun is PASSED

2019-01-13 15:06:38 - [MESSAGE][WARNING] - Test object id is null

2019-01-13 15:06:46 - [MESSAGE][PASSED] - Browser is opened with url: 'https://opensource-demo.orangehrmlive.com/index.php/auth/login'

2019-01-13 15:06:47 - [MESSAGE][PASSED] - Text 'Admin' is set on object 'Object Repository/Orange/Login/Username'

2019-01-13 15:06:47 - [MESSAGE][PASSED] - Text 'admin123' is set on object 'Object Repository/Orange/Login/Password'

2019-01-13 15:06:48 - [MESSAGE][PASSED] - Object: 'Object Repository/Orange/Login/Login' is clicked on

2019-01-13 15:06:48 - [MESSAGE][PASSED] - pk_Functions.CS_Login.LoginFun is PASSED

2019-01-13 15:06:48 - [TEST_STEP][PASSED] - pk_Functions.CS_StaticListUsingLiTag.LovSearchIndexFun: pk_Functions.CS_StaticListUsingLiTag.LovSearchIndexFun is PASSED

2019-01-13 15:06:54 - [MESSAGE][PASSED] - Delayed 4 second(s)

2019-01-13 15:06:54 - [MESSAGE][PASSED] - pk_Functions.CS_StaticListUsingLiTag.LovSearchIndexFun is PASSED

2019-01-13 15:06:54 - [TEST_STEP][PASSED] - pk_Functions.CS_StaticListUsingLiTag.LovSearchIndexFun: pk_Functions.CS_StaticListUsingLiTag.LovSearchIndexFun is PASSED

2019-01-13 15:06:58 - [MESSAGE][PASSED] - Delayed 4 second(s)

2019-01-13 15:06:59 - [MESSAGE][PASSED] - pk_Functions.CS_StaticListUsingLiTag.LovSearchIndexFun is PASSED

2019-01-13 15:06:59 - [TEST_STEP][PASSED] - click: Object: 'Object Repository/Orange/Configuration/BTN_Edit' is clicked on

2019-01-13 15:06:59 - [MESSAGE][PASSED] - Object: 'Object Repository/Orange/Configuration/BTN_Edit' is clicked on

2019-01-13 15:06:59 - [TEST_STEP][PASSED] - selectOptionByLabel: All options with label 'English' are selected in object 'Object Repository/Orange/Configuration/Language' 

2019-01-13 15:06:59 - [MESSAGE][PASSED] - All options with label 'English' are selected in object 'Object Repository/Orange/Configuration/Language' 

2019-01-13 15:06:59 - [TEST_STEP][PASSED] - click: Object: 'Object Repository/Orange/Configuration/BTN_Save' is clicked on

2019-01-13 15:07:00 - [MESSAGE][PASSED] - Object: 'Object Repository/Orange/Configuration/BTN_Save' is clicked on

2019-01-13 15:07:00 - [TEST_STEP][PASSED] - refresh: Refresh successfully

2019-01-13 15:07:00 - [MESSAGE][PASSED] - Refresh successfully]]></system-out>
         <system-err><![CDATA[]]></system-err>
      </testcase>
      <testcase name="Test Cases/Orange_Website_Using_Function/TC_RecruitmentComponent" classname="Test Cases/Orange_Website_Using_Function/TC_RecruitmentComponent" status="PASSED">
         <system-out><![CDATA[2019-01-13 15:07:00 - [TEST_CASE][PASSED] - Test Cases/Orange_Website_Using_Function/TC_RecruitmentComponent: Test Cases/Orange_Website_Using_Function/TC_RecruitmentComponent

2019-01-13 15:07:01 - [TEST_STEP][PASSED] - pk_Functions.CS_Login.LoginFun: pk_Functions.CS_Login.LoginFun is PASSED

2019-01-13 15:07:01 - [MESSAGE][WARNING] - Test object id is null

2019-01-13 15:07:01 - [MESSAGE][WARNING] - A browser is already opened. Closing browser and opening a new one

2019-01-13 15:07:08 - [MESSAGE][PASSED] - Browser is opened with url: 'https://opensource-demo.orangehrmlive.com/index.php/auth/login'

2019-01-13 15:07:08 - [MESSAGE][PASSED] - Text 'Admin' is set on object 'Object Repository/Orange/Login/Username'

2019-01-13 15:07:08 - [MESSAGE][PASSED] - Text 'admin123' is set on object 'Object Repository/Orange/Login/Password'

2019-01-13 15:07:11 - [MESSAGE][PASSED] - Object: 'Object Repository/Orange/Login/Login' is clicked on

2019-01-13 15:07:11 - [MESSAGE][PASSED] - pk_Functions.CS_Login.LoginFun is PASSED

2019-01-13 15:07:11 - [TEST_STEP][PASSED] - click: Object: 'Object Repository/Orange/Navigation/MNUITM_Recruitment' is clicked on

2019-01-13 15:07:12 - [MESSAGE][PASSED] - Object: 'Object Repository/Orange/Navigation/MNUITM_Recruitment' is clicked on

2019-01-13 15:07:12 - [TEST_STEP][PASSED] - pk_Functions.CS_SpecificData.DataFun: pk_Functions.CS_SpecificData.DataFun is PASSED

2019-01-13 15:07:13 - [MESSAGE][PASSED] - Text 'airamadan' is set on object ''

2019-01-13 15:07:13 - [MESSAGE][PASSED] - pk_Functions.CS_SpecificData.DataFun is PASSED

2019-01-13 15:07:13 - [TEST_STEP][PASSED] - delay: Delayed 5 second(s)

2019-01-13 15:07:18 - [MESSAGE][PASSED] - Delayed 5 second(s)]]></system-out>
         <system-err><![CDATA[]]></system-err>
      </testcase>
      <testcase name="Test Cases/Orange_Website_Using_Function/TC_RecruitmentComponent" classname="Test Cases/Orange_Website_Using_Function/TC_RecruitmentComponent" status="PASSED">
         <system-out><![CDATA[2019-01-13 15:07:18 - [TEST_CASE][PASSED] - Test Cases/Orange_Website_Using_Function/TC_RecruitmentComponent: Test Cases/Orange_Website_Using_Function/TC_RecruitmentComponent

2019-01-13 15:07:18 - [TEST_STEP][PASSED] - pk_Functions.CS_Login.LoginFun: pk_Functions.CS_Login.LoginFun is PASSED

2019-01-13 15:07:18 - [MESSAGE][WARNING] - Test object id is null

2019-01-13 15:07:18 - [MESSAGE][WARNING] - A browser is already opened. Closing browser and opening a new one

2019-01-13 15:07:25 - [MESSAGE][PASSED] - Browser is opened with url: 'https://opensource-demo.orangehrmlive.com/index.php/auth/login'

2019-01-13 15:07:25 - [MESSAGE][PASSED] - Text 'Admin' is set on object 'Object Repository/Orange/Login/Username'

2019-01-13 15:07:25 - [MESSAGE][PASSED] - Text 'admin123' is set on object 'Object Repository/Orange/Login/Password'

2019-01-13 15:07:27 - [MESSAGE][PASSED] - Object: 'Object Repository/Orange/Login/Login' is clicked on

2019-01-13 15:07:27 - [MESSAGE][PASSED] - pk_Functions.CS_Login.LoginFun is PASSED

2019-01-13 15:07:27 - [TEST_STEP][PASSED] - click: Object: 'Object Repository/Orange/Navigation/MNUITM_Recruitment' is clicked on

2019-01-13 15:07:29 - [MESSAGE][PASSED] - Object: 'Object Repository/Orange/Navigation/MNUITM_Recruitment' is clicked on

2019-01-13 15:07:29 - [TEST_STEP][PASSED] - pk_Functions.CS_SpecificData.DataFun: pk_Functions.CS_SpecificData.DataFun is PASSED

2019-01-13 15:07:29 - [MESSAGE][PASSED] - Text 'asmaa' is set on object ''

2019-01-13 15:07:29 - [MESSAGE][PASSED] - pk_Functions.CS_SpecificData.DataFun is PASSED

2019-01-13 15:07:29 - [TEST_STEP][PASSED] - delay: Delayed 5 second(s)

2019-01-13 15:07:34 - [MESSAGE][PASSED] - Delayed 5 second(s)]]></system-out>
         <system-err><![CDATA[]]></system-err>
      </testcase>
      <system-out><![CDATA[2019-01-13 15:06:37 - [TEST_SUITE][PASSED] - TS_OrangeWebUsingKeywords: Test Cases/Orange_Website_Using_Function/TC_RecruitmentComponent]]></system-out>
      <system-err><![CDATA[]]></system-err>
   </testsuite>
</testsuites>
